<?xml version="1.0" encoding="UTF-8"?>
<testsuite xmlns:xsi="http://www.w3.org/2001/XMLSchema-instance" xsi:noNamespaceSchemaLocation="https://maven.apache.org/surefire/maven-surefire-plugin/xsd/surefire-test-report.xsd" name="org.apache.commons.imaging.common.bytesource.ByteSourceImageTest" time="1.905" tests="164" errors="0" skipped="0" failures="0">
  <properties>
    <property name="awt.toolkit" value="sun.awt.X11.XToolkit"/>
    <property name="file.encoding.pkg" value="sun.io"/>
    <property name="java.specification.version" value="1.8"/>
    <property name="sun.cpu.isalist" value=""/>
    <property name="sun.jnu.encoding" value="UTF-8"/>
    <property name="java.class.path" value="/s/smith/b/nobackup/mkshin/Spring2020/Research/Ekstazi/commonsImaging/workingDir/target/test-classes:/s/smith/b/nobackup/mkshin/Spring2020/Research/Ekstazi/commonsImaging/workingDir/target/classes:/s/chopin/a/grad/mkshin/.m2/repository/junit/junit/4.12/junit-4.12.jar:/s/chopin/a/grad/mkshin/.m2/repository/org/hamcrest/hamcrest-core/1.3/hamcrest-core-1.3.jar:/s/chopin/a/grad/mkshin/.m2/repository/commons-io/commons-io/2.6/commons-io-2.6.jar:"/>
    <property name="java.vm.vendor" value="Oracle Corporation"/>
    <property name="sun.arch.data.model" value="64"/>
    <property name="java.vendor.url" value="http://java.oracle.com/"/>
    <property name="user.timezone" value=""/>
    <property name="java.vm.specification.version" value="1.8"/>
    <property name="os.name" value="Linux"/>
    <property name="rat.skip" value="true"/>
    <property name="user.country" value="US"/>
    <property name="sun.java.launcher" value="SUN_STANDARD"/>
    <property name="sun.boot.library.path" value="/usr/lib/jvm/java-1.8.0-openjdk-1.8.0.242.b08-0.fc30.x86_64/jre/lib/amd64"/>
    <property name="sun.java.command" value="/s/smith/b/nobackup/mkshin/Spring2020/Research/Ekstazi/commonsImaging/workingDir/target/surefire/surefirebooter7176970014634526542.jar /s/smith/b/nobackup/mkshin/Spring2020/Research/Ekstazi/commonsImaging/workingDir/target/surefire 2020-05-18T23-23-43_528-jvmRun1 surefire2108282415803626109tmp surefire_08911598611544508119tmp"/>
    <property name="surefire.test.class.path" value="/s/smith/b/nobackup/mkshin/Spring2020/Research/Ekstazi/commonsImaging/workingDir/target/test-classes:/s/smith/b/nobackup/mkshin/Spring2020/Research/Ekstazi/commonsImaging/workingDir/target/classes:/s/chopin/a/grad/mkshin/.m2/repository/junit/junit/4.12/junit-4.12.jar:/s/chopin/a/grad/mkshin/.m2/repository/org/hamcrest/hamcrest-core/1.3/hamcrest-core-1.3.jar:/s/chopin/a/grad/mkshin/.m2/repository/commons-io/commons-io/2.6/commons-io-2.6.jar:"/>
    <property name="sun.cpu.endian" value="little"/>
    <property name="user.home" value="/s/chopin/a/grad/mkshin"/>
    <property name="user.language" value="en"/>
    <property name="java.specification.vendor" value="Oracle Corporation"/>
    <property name="java.home" value="/usr/lib/jvm/java-1.8.0-openjdk-1.8.0.242.b08-0.fc30.x86_64/jre"/>
    <property name="basedir" value="/s/smith/b/nobackup/mkshin/Spring2020/Research/Ekstazi/commonsImaging/workingDir"/>
    <property name="file.separator" value="/"/>
    <property name="line.separator" value="&#10;"/>
    <property name="java.vm.specification.vendor" value="Oracle Corporation"/>
    <property name="java.specification.name" value="Java Platform API Specification"/>
    <property name="java.awt.graphicsenv" value="sun.awt.X11GraphicsEnvironment"/>
    <property name="surefire.real.class.path" value="/s/smith/b/nobackup/mkshin/Spring2020/Research/Ekstazi/commonsImaging/workingDir/target/surefire/surefirebooter7176970014634526542.jar:/s/chopin/a/grad/mkshin/.m2/repository/org/ekstazi/org.ekstazi.core/4.6.3/org.ekstazi.core-4.6.3.jar:/s/chopin/a/grad/mkshin/.m2/repository/org/jacoco/org.jacoco.agent/0.8.3/org.jacoco.agent-0.8.3-runtime.jar"/>
    <property name="sun.boot.class.path" value="/usr/lib/jvm/java-1.8.0-openjdk-1.8.0.242.b08-0.fc30.x86_64/jre/lib/resources.jar:/usr/lib/jvm/java-1.8.0-openjdk-1.8.0.242.b08-0.fc30.x86_64/jre/lib/rt.jar:/usr/lib/jvm/java-1.8.0-openjdk-1.8.0.242.b08-0.fc30.x86_64/jre/lib/sunrsasign.jar:/usr/lib/jvm/java-1.8.0-openjdk-1.8.0.242.b08-0.fc30.x86_64/jre/lib/jsse.jar:/usr/lib/jvm/java-1.8.0-openjdk-1.8.0.242.b08-0.fc30.x86_64/jre/lib/jce.jar:/usr/lib/jvm/java-1.8.0-openjdk-1.8.0.242.b08-0.fc30.x86_64/jre/lib/charsets.jar:/usr/lib/jvm/java-1.8.0-openjdk-1.8.0.242.b08-0.fc30.x86_64/jre/lib/jfr.jar:/usr/lib/jvm/java-1.8.0-openjdk-1.8.0.242.b08-0.fc30.x86_64/jre/classes"/>
    <property name="sun.management.compiler" value="HotSpot 64-Bit Tiered Compilers"/>
    <property name="java.runtime.version" value="1.8.0_242-b08"/>
    <property name="user.name" value="mkshin"/>
    <property name="path.separator" value=":"/>
    <property name="os.version" value="5.5.10-100.fc30.x86_64"/>
    <property name="java.endorsed.dirs" value="/usr/lib/jvm/java-1.8.0-openjdk-1.8.0.242.b08-0.fc30.x86_64/jre/lib/endorsed"/>
    <property name="java.runtime.name" value="OpenJDK Runtime Environment"/>
    <property name="file.encoding" value="UTF-8"/>
    <property name="java.vm.name" value="OpenJDK 64-Bit Server VM"/>
    <property name="localRepository" value="/s/chopin/a/grad/mkshin/.m2/repository"/>
    <property name="java.vendor.url.bug" value="http://bugreport.sun.com/bugreport/"/>
    <property name="java.io.tmpdir" value="/tmp"/>
    <property name="java.version" value="1.8.0_242"/>
    <property name="user.dir" value="/s/smith/b/nobackup/mkshin/Spring2020/Research/Ekstazi/commonsImaging/workingDir"/>
    <property name="os.arch" value="amd64"/>
    <property name="java.vm.specification.name" value="Java Virtual Machine Specification"/>
    <property name="java.awt.printerjob" value="sun.print.PSPrinterJob"/>
    <property name="sun.os.patch.level" value="unknown"/>
    <property name="java.library.path" value=":/usr/java/packages/lib/amd64:/usr/lib64:/lib64:/lib:/usr/lib"/>
    <property name="java.vm.info" value="mixed mode"/>
    <property name="java.vendor" value="Oracle Corporation"/>
    <property name="java.vm.version" value="25.242-b08"/>
    <property name="java.ext.dirs" value="/usr/lib/jvm/java-1.8.0-openjdk-1.8.0.242.b08-0.fc30.x86_64/jre/lib/ext:/usr/java/packages/lib/ext"/>
    <property name="sun.io.unicode.encoding" value="UnicodeLittle"/>
    <property name="java.class.version" value="52.0"/>
  </properties>
  <testcase name="test[0]" classname="org.apache.commons.imaging.common.bytesource.ByteSourceImageTest" time="0.176"/>
  <testcase name="testGetInputStreamThrowsNullPointerException[0]" classname="org.apache.commons.imaging.common.bytesource.ByteSourceImageTest" time="0.001"/>
  <testcase name="test[1]" classname="org.apache.commons.imaging.common.bytesource.ByteSourceImageTest" time="0.033"/>
  <testcase name="testGetInputStreamThrowsNullPointerException[1]" classname="org.apache.commons.imaging.common.bytesource.ByteSourceImageTest" time="0"/>
  <testcase name="test[2]" classname="org.apache.commons.imaging.common.bytesource.ByteSourceImageTest" time="0.078"/>
  <testcase name="testGetInputStreamThrowsNullPointerException[2]" classname="org.apache.commons.imaging.common.bytesource.ByteSourceImageTest" time="0.001"/>
  <testcase name="test[3]" classname="org.apache.commons.imaging.common.bytesource.ByteSourceImageTest" time="0.004"/>
  <testcase name="testGetInputStreamThrowsNullPointerException[3]" classname="org.apache.commons.imaging.common.bytesource.ByteSourceImageTest" time="0.001"/>
  <testcase name="test[4]" classname="org.apache.commons.imaging.common.bytesource.ByteSourceImageTest" time="0.076"/>
  <testcase name="testGetInputStreamThrowsNullPointerException[4]" classname="org.apache.commons.imaging.common.bytesource.ByteSourceImageTest" time="0.001"/>
  <testcase name="test[5]" classname="org.apache.commons.imaging.common.bytesource.ByteSourceImageTest" time="0.025"/>
  <testcase name="testGetInputStreamThrowsNullPointerException[5]" classname="org.apache.commons.imaging.common.bytesource.ByteSourceImageTest" time="0"/>
  <testcase name="test[6]" classname="org.apache.commons.imaging.common.bytesource.ByteSourceImageTest" time="0.004"/>
  <testcase name="testGetInputStreamThrowsNullPointerException[6]" classname="org.apache.commons.imaging.common.bytesource.ByteSourceImageTest" time="0"/>
  <testcase name="test[7]" classname="org.apache.commons.imaging.common.bytesource.ByteSourceImageTest" time="0.014"/>
  <testcase name="testGetInputStreamThrowsNullPointerException[7]" classname="org.apache.commons.imaging.common.bytesource.ByteSourceImageTest" time="0"/>
  <testcase name="test[8]" classname="org.apache.commons.imaging.common.bytesource.ByteSourceImageTest" time="0.141"/>
  <testcase name="testGetInputStreamThrowsNullPointerException[8]" classname="org.apache.commons.imaging.common.bytesource.ByteSourceImageTest" time="0.001"/>
  <testcase name="test[9]" classname="org.apache.commons.imaging.common.bytesource.ByteSourceImageTest" time="0.067"/>
  <testcase name="testGetInputStreamThrowsNullPointerException[9]" classname="org.apache.commons.imaging.common.bytesource.ByteSourceImageTest" time="0.001"/>
  <testcase name="test[10]" classname="org.apache.commons.imaging.common.bytesource.ByteSourceImageTest" time="0.117"/>
  <testcase name="testGetInputStreamThrowsNullPointerException[10]" classname="org.apache.commons.imaging.common.bytesource.ByteSourceImageTest" time="0.001"/>
  <testcase name="test[11]" classname="org.apache.commons.imaging.common.bytesource.ByteSourceImageTest" time="0.002"/>
  <testcase name="testGetInputStreamThrowsNullPointerException[11]" classname="org.apache.commons.imaging.common.bytesource.ByteSourceImageTest" time="0"/>
  <testcase name="test[12]" classname="org.apache.commons.imaging.common.bytesource.ByteSourceImageTest" time="0.055"/>
  <testcase name="testGetInputStreamThrowsNullPointerException[12]" classname="org.apache.commons.imaging.common.bytesource.ByteSourceImageTest" time="0"/>
  <testcase name="test[13]" classname="org.apache.commons.imaging.common.bytesource.ByteSourceImageTest" time="0.025"/>
  <testcase name="testGetInputStreamThrowsNullPointerException[13]" classname="org.apache.commons.imaging.common.bytesource.ByteSourceImageTest" time="0"/>
  <testcase name="test[14]" classname="org.apache.commons.imaging.common.bytesource.ByteSourceImageTest" time="0.013"/>
  <testcase name="testGetInputStreamThrowsNullPointerException[14]" classname="org.apache.commons.imaging.common.bytesource.ByteSourceImageTest" time="0.001"/>
  <testcase name="test[15]" classname="org.apache.commons.imaging.common.bytesource.ByteSourceImageTest" time="0.029"/>
  <testcase name="testGetInputStreamThrowsNullPointerException[15]" classname="org.apache.commons.imaging.common.bytesource.ByteSourceImageTest" time="0"/>
  <testcase name="test[16]" classname="org.apache.commons.imaging.common.bytesource.ByteSourceImageTest" time="0.011"/>
  <testcase name="testGetInputStreamThrowsNullPointerException[16]" classname="org.apache.commons.imaging.common.bytesource.ByteSourceImageTest" time="0.001"/>
  <testcase name="test[17]" classname="org.apache.commons.imaging.common.bytesource.ByteSourceImageTest" time="0.194"/>
  <testcase name="testGetInputStreamThrowsNullPointerException[17]" classname="org.apache.commons.imaging.common.bytesource.ByteSourceImageTest" time="0.001"/>
  <testcase name="test[18]" classname="org.apache.commons.imaging.common.bytesource.ByteSourceImageTest" time="0.007"/>
  <testcase name="testGetInputStreamThrowsNullPointerException[18]" classname="org.apache.commons.imaging.common.bytesource.ByteSourceImageTest" time="0"/>
  <testcase name="test[19]" classname="org.apache.commons.imaging.common.bytesource.ByteSourceImageTest" time="0"/>
  <testcase name="testGetInputStreamThrowsNullPointerException[19]" classname="org.apache.commons.imaging.common.bytesource.ByteSourceImageTest" time="0.001"/>
  <testcase name="test[20]" classname="org.apache.commons.imaging.common.bytesource.ByteSourceImageTest" time="0"/>
  <testcase name="testGetInputStreamThrowsNullPointerException[20]" classname="org.apache.commons.imaging.common.bytesource.ByteSourceImageTest" time="0"/>
  <testcase name="test[21]" classname="org.apache.commons.imaging.common.bytesource.ByteSourceImageTest" time="0"/>
  <testcase name="testGetInputStreamThrowsNullPointerException[21]" classname="org.apache.commons.imaging.common.bytesource.ByteSourceImageTest" time="0"/>
  <testcase name="test[22]" classname="org.apache.commons.imaging.common.bytesource.ByteSourceImageTest" time="0.007"/>
  <testcase name="testGetInputStreamThrowsNullPointerException[22]" classname="org.apache.commons.imaging.common.bytesource.ByteSourceImageTest" time="0"/>
  <testcase name="test[23]" classname="org.apache.commons.imaging.common.bytesource.ByteSourceImageTest" time="0.014"/>
  <testcase name="testGetInputStreamThrowsNullPointerException[23]" classname="org.apache.commons.imaging.common.bytesource.ByteSourceImageTest" time="0"/>
  <testcase name="test[24]" classname="org.apache.commons.imaging.common.bytesource.ByteSourceImageTest" time="0.004"/>
  <testcase name="testGetInputStreamThrowsNullPointerException[24]" classname="org.apache.commons.imaging.common.bytesource.ByteSourceImageTest" time="0"/>
  <testcase name="test[25]" classname="org.apache.commons.imaging.common.bytesource.ByteSourceImageTest" time="0.073"/>
  <testcase name="testGetInputStreamThrowsNullPointerException[25]" classname="org.apache.commons.imaging.common.bytesource.ByteSourceImageTest" time="0.001"/>
  <testcase name="test[26]" classname="org.apache.commons.imaging.common.bytesource.ByteSourceImageTest" time="0.008"/>
  <testcase name="testGetInputStreamThrowsNullPointerException[26]" classname="org.apache.commons.imaging.common.bytesource.ByteSourceImageTest" time="0.001"/>
  <testcase name="test[27]" classname="org.apache.commons.imaging.common.bytesource.ByteSourceImageTest" time="0.119"/>
  <testcase name="testGetInputStreamThrowsNullPointerException[27]" classname="org.apache.commons.imaging.common.bytesource.ByteSourceImageTest" time="0.001"/>
  <testcase name="test[28]" classname="org.apache.commons.imaging.common.bytesource.ByteSourceImageTest" time="0.006"/>
  <testcase name="testGetInputStreamThrowsNullPointerException[28]" classname="org.apache.commons.imaging.common.bytesource.ByteSourceImageTest" time="0"/>
  <testcase name="test[29]" classname="org.apache.commons.imaging.common.bytesource.ByteSourceImageTest" time="0.088"/>
  <testcase name="testGetInputStreamThrowsNullPointerException[29]" classname="org.apache.commons.imaging.common.bytesource.ByteSourceImageTest" time="0"/>
  <testcase name="test[30]" classname="org.apache.commons.imaging.common.bytesource.ByteSourceImageTest" time="0.003"/>
  <testcase name="testGetInputStreamThrowsNullPointerException[30]" classname="org.apache.commons.imaging.common.bytesource.ByteSourceImageTest" time="0"/>
  <testcase name="test[31]" classname="org.apache.commons.imaging.common.bytesource.ByteSourceImageTest" time="0.005"/>
  <testcase name="testGetInputStreamThrowsNullPointerException[31]" classname="org.apache.commons.imaging.common.bytesource.ByteSourceImageTest" time="0"/>
  <testcase name="test[32]" classname="org.apache.commons.imaging.common.bytesource.ByteSourceImageTest" time="0.002"/>
  <testcase name="testGetInputStreamThrowsNullPointerException[32]" classname="org.apache.commons.imaging.common.bytesource.ByteSourceImageTest" time="0"/>
  <testcase name="test[33]" classname="org.apache.commons.imaging.common.bytesource.ByteSourceImageTest" time="0.002"/>
  <testcase name="testGetInputStreamThrowsNullPointerException[33]" classname="org.apache.commons.imaging.common.bytesource.ByteSourceImageTest" time="0"/>
  <testcase name="test[34]" classname="org.apache.commons.imaging.common.bytesource.ByteSourceImageTest" time="0.014"/>
  <testcase name="testGetInputStreamThrowsNullPointerException[34]" classname="org.apache.commons.imaging.common.bytesource.ByteSourceImageTest" time="0"/>
  <testcase name="test[35]" classname="org.apache.commons.imaging.common.bytesource.ByteSourceImageTest" time="0.013"/>
  <testcase name="testGetInputStreamThrowsNullPointerException[35]" classname="org.apache.commons.imaging.common.bytesource.ByteSourceImageTest" time="0"/>
  <testcase name="test[36]" classname="org.apache.commons.imaging.common.bytesource.ByteSourceImageTest" time="0.001"/>
  <testcase name="testGetInputStreamThrowsNullPointerException[36]" classname="org.apache.commons.imaging.common.bytesource.ByteSourceImageTest" time="0"/>
  <testcase name="test[37]" classname="org.apache.commons.imaging.common.bytesource.ByteSourceImageTest" time="0.025"/>
  <testcase name="testGetInputStreamThrowsNullPointerException[37]" classname="org.apache.commons.imaging.common.bytesource.ByteSourceImageTest" time="0.001"/>
  <testcase name="test[38]" classname="org.apache.commons.imaging.common.bytesource.ByteSourceImageTest" time="0.022"/>
  <testcase name="testGetInputStreamThrowsNullPointerException[38]" classname="org.apache.commons.imaging.common.bytesource.ByteSourceImageTest" time="0"/>
  <testcase name="test[39]" classname="org.apache.commons.imaging.common.bytesource.ByteSourceImageTest" time="0.015"/>
  <testcase name="testGetInputStreamThrowsNullPointerException[39]" classname="org.apache.commons.imaging.common.bytesource.ByteSourceImageTest" time="0"/>
  <testcase name="test[40]" classname="org.apache.commons.imaging.common.bytesource.ByteSourceImageTest" time="0.004"/>
  <testcase name="testGetInputStreamThrowsNullPointerException[40]" classname="org.apache.commons.imaging.common.bytesource.ByteSourceImageTest" time="0"/>
  <testcase name="test[41]" classname="org.apache.commons.imaging.common.bytesource.ByteSourceImageTest" time="0.001"/>
  <testcase name="testGetInputStreamThrowsNullPointerException[41]" classname="org.apache.commons.imaging.common.bytesource.ByteSourceImageTest" time="0"/>
  <testcase name="test[42]" classname="org.apache.commons.imaging.common.bytesource.ByteSourceImageTest" time="0.001"/>
  <testcase name="testGetInputStreamThrowsNullPointerException[42]" classname="org.apache.commons.imaging.common.bytesource.ByteSourceImageTest" time="0"/>
  <testcase name="test[43]" classname="org.apache.commons.imaging.common.bytesource.ByteSourceImageTest" time="0.001"/>
  <testcase name="testGetInputStreamThrowsNullPointerException[43]" classname="org.apache.commons.imaging.common.bytesource.ByteSourceImageTest" time="0.001"/>
  <testcase name="test[44]" classname="org.apache.commons.imaging.common.bytesource.ByteSourceImageTest" time="0.001"/>
  <testcase name="testGetInputStreamThrowsNullPointerException[44]" classname="org.apache.commons.imaging.common.bytesource.ByteSourceImageTest" time="0"/>
  <testcase name="test[45]" classname="org.apache.commons.imaging.common.bytesource.ByteSourceImageTest" time="0.001"/>
  <testcase name="testGetInputStreamThrowsNullPointerException[45]" classname="org.apache.commons.imaging.common.bytesource.ByteSourceImageTest" time="0"/>
  <testcase name="test[46]" classname="org.apache.commons.imaging.common.bytesource.ByteSourceImageTest" time="0.001"/>
  <testcase name="testGetInputStreamThrowsNullPointerException[46]" classname="org.apache.commons.imaging.common.bytesource.ByteSourceImageTest" time="0"/>
  <testcase name="test[47]" classname="org.apache.commons.imaging.common.bytesource.ByteSourceImageTest" time="0.013"/>
  <testcase name="testGetInputStreamThrowsNullPointerException[47]" classname="org.apache.commons.imaging.common.bytesource.ByteSourceImageTest" time="0"/>
  <testcase name="test[48]" classname="org.apache.commons.imaging.common.bytesource.ByteSourceImageTest" time="0"/>
  <testcase name="testGetInputStreamThrowsNullPointerException[48]" classname="org.apache.commons.imaging.common.bytesource.ByteSourceImageTest" time="0"/>
  <testcase name="test[49]" classname="org.apache.commons.imaging.common.bytesource.ByteSourceImageTest" time="0.014"/>
  <testcase name="testGetInputStreamThrowsNullPointerException[49]" classname="org.apache.commons.imaging.common.bytesource.ByteSourceImageTest" time="0"/>
  <testcase name="test[50]" classname="org.apache.commons.imaging.common.bytesource.ByteSourceImageTest" time="0.001"/>
  <testcase name="testGetInputStreamThrowsNullPointerException[50]" classname="org.apache.commons.imaging.common.bytesource.ByteSourceImageTest" time="0.001"/>
  <testcase name="test[51]" classname="org.apache.commons.imaging.common.bytesource.ByteSourceImageTest" time="0"/>
  <testcase name="testGetInputStreamThrowsNullPointerException[51]" classname="org.apache.commons.imaging.common.bytesource.ByteSourceImageTest" time="0.001"/>
  <testcase name="test[52]" classname="org.apache.commons.imaging.common.bytesource.ByteSourceImageTest" time="0.001"/>
  <testcase name="testGetInputStreamThrowsNullPointerException[52]" classname="org.apache.commons.imaging.common.bytesource.ByteSourceImageTest" time="0"/>
  <testcase name="test[53]" classname="org.apache.commons.imaging.common.bytesource.ByteSourceImageTest" time="0.001"/>
  <testcase name="testGetInputStreamThrowsNullPointerException[53]" classname="org.apache.commons.imaging.common.bytesource.ByteSourceImageTest" time="0"/>
  <testcase name="test[54]" classname="org.apache.commons.imaging.common.bytesource.ByteSourceImageTest" time="0.001"/>
  <testcase name="testGetInputStreamThrowsNullPointerException[54]" classname="org.apache.commons.imaging.common.bytesource.ByteSourceImageTest" time="0.001"/>
  <testcase name="test[55]" classname="org.apache.commons.imaging.common.bytesource.ByteSourceImageTest" time="0"/>
  <testcase name="testGetInputStreamThrowsNullPointerException[55]" classname="org.apache.commons.imaging.common.bytesource.ByteSourceImageTest" time="0"/>
  <testcase name="test[56]" classname="org.apache.commons.imaging.common.bytesource.ByteSourceImageTest" time="0"/>
  <testcase name="testGetInputStreamThrowsNullPointerException[56]" classname="org.apache.commons.imaging.common.bytesource.ByteSourceImageTest" time="0.001"/>
  <testcase name="test[57]" classname="org.apache.commons.imaging.common.bytesource.ByteSourceImageTest" time="0.138"/>
  <testcase name="testGetInputStreamThrowsNullPointerException[57]" classname="org.apache.commons.imaging.common.bytesource.ByteSourceImageTest" time="0"/>
  <testcase name="test[58]" classname="org.apache.commons.imaging.common.bytesource.ByteSourceImageTest" time="0"/>
  <testcase name="testGetInputStreamThrowsNullPointerException[58]" classname="org.apache.commons.imaging.common.bytesource.ByteSourceImageTest" time="0"/>
  <testcase name="test[59]" classname="org.apache.commons.imaging.common.bytesource.ByteSourceImageTest" time="0"/>
  <testcase name="testGetInputStreamThrowsNullPointerException[59]" classname="org.apache.commons.imaging.common.bytesource.ByteSourceImageTest" time="0"/>
  <testcase name="test[60]" classname="org.apache.commons.imaging.common.bytesource.ByteSourceImageTest" time="0"/>
  <testcase name="testGetInputStreamThrowsNullPointerException[60]" classname="org.apache.commons.imaging.common.bytesource.ByteSourceImageTest" time="0"/>
  <testcase name="test[61]" classname="org.apache.commons.imaging.common.bytesource.ByteSourceImageTest" time="0"/>
  <testcase name="testGetInputStreamThrowsNullPointerException[61]" classname="org.apache.commons.imaging.common.bytesource.ByteSourceImageTest" time="0"/>
  <testcase name="test[62]" classname="org.apache.commons.imaging.common.bytesource.ByteSourceImageTest" time="0.001"/>
  <testcase name="testGetInputStreamThrowsNullPointerException[62]" classname="org.apache.commons.imaging.common.bytesource.ByteSourceImageTest" time="0"/>
  <testcase name="test[63]" classname="org.apache.commons.imaging.common.bytesource.ByteSourceImageTest" time="0"/>
  <testcase name="testGetInputStreamThrowsNullPointerException[63]" classname="org.apache.commons.imaging.common.bytesource.ByteSourceImageTest" time="0"/>
  <testcase name="test[64]" classname="org.apache.commons.imaging.common.bytesource.ByteSourceImageTest" time="0.001"/>
  <testcase name="testGetInputStreamThrowsNullPointerException[64]" classname="org.apache.commons.imaging.common.bytesource.ByteSourceImageTest" time="0"/>
  <testcase name="test[65]" classname="org.apache.commons.imaging.common.bytesource.ByteSourceImageTest" time="0"/>
  <testcase name="testGetInputStreamThrowsNullPointerException[65]" classname="org.apache.commons.imaging.common.bytesource.ByteSourceImageTest" time="0"/>
  <testcase name="test[66]" classname="org.apache.commons.imaging.common.bytesource.ByteSourceImageTest" time="0"/>
  <testcase name="testGetInputStreamThrowsNullPointerException[66]" classname="org.apache.commons.imaging.common.bytesource.ByteSourceImageTest" time="0"/>
  <testcase name="test[67]" classname="org.apache.commons.imaging.common.bytesource.ByteSourceImageTest" time="0"/>
  <testcase name="testGetInputStreamThrowsNullPointerException[67]" classname="org.apache.commons.imaging.common.bytesource.ByteSourceImageTest" time="0.001"/>
  <testcase name="test[68]" classname="org.apache.commons.imaging.common.bytesource.ByteSourceImageTest" time="0"/>
  <testcase name="testGetInputStreamThrowsNullPointerException[68]" classname="org.apache.commons.imaging.common.bytesource.ByteSourceImageTest" time="0"/>
  <testcase name="test[69]" classname="org.apache.commons.imaging.common.bytesource.ByteSourceImageTest" time="0"/>
  <testcase name="testGetInputStreamThrowsNullPointerException[69]" classname="org.apache.commons.imaging.common.bytesource.ByteSourceImageTest" time="0.001"/>
  <testcase name="test[70]" classname="org.apache.commons.imaging.common.bytesource.ByteSourceImageTest" time="0"/>
  <testcase name="testGetInputStreamThrowsNullPointerException[70]" classname="org.apache.commons.imaging.common.bytesource.ByteSourceImageTest" time="0"/>
  <testcase name="test[71]" classname="org.apache.commons.imaging.common.bytesource.ByteSourceImageTest" time="0"/>
  <testcase name="testGetInputStreamThrowsNullPointerException[71]" classname="org.apache.commons.imaging.common.bytesource.ByteSourceImageTest" time="0.001"/>
  <testcase name="test[72]" classname="org.apache.commons.imaging.common.bytesource.ByteSourceImageTest" time="0.01"/>
  <testcase name="testGetInputStreamThrowsNullPointerException[72]" classname="org.apache.commons.imaging.common.bytesource.ByteSourceImageTest" time="0"/>
  <testcase name="test[73]" classname="org.apache.commons.imaging.common.bytesource.ByteSourceImageTest" time="0.004"/>
  <testcase name="testGetInputStreamThrowsNullPointerException[73]" classname="org.apache.commons.imaging.common.bytesource.ByteSourceImageTest" time="0"/>
  <testcase name="test[74]" classname="org.apache.commons.imaging.common.bytesource.ByteSourceImageTest" time="0.004"/>
  <testcase name="testGetInputStreamThrowsNullPointerException[74]" classname="org.apache.commons.imaging.common.bytesource.ByteSourceImageTest" time="0"/>
  <testcase name="test[75]" classname="org.apache.commons.imaging.common.bytesource.ByteSourceImageTest" time="0.001"/>
  <testcase name="testGetInputStreamThrowsNullPointerException[75]" classname="org.apache.commons.imaging.common.bytesource.ByteSourceImageTest" time="0"/>
  <testcase name="test[76]" classname="org.apache.commons.imaging.common.bytesource.ByteSourceImageTest" time="0.001"/>
  <testcase name="testGetInputStreamThrowsNullPointerException[76]" classname="org.apache.commons.imaging.common.bytesource.ByteSourceImageTest" time="0.001"/>
  <testcase name="test[77]" classname="org.apache.commons.imaging.common.bytesource.ByteSourceImageTest" time="0.002"/>
  <testcase name="testGetInputStreamThrowsNullPointerException[77]" classname="org.apache.commons.imaging.common.bytesource.ByteSourceImageTest" time="0"/>
  <testcase name="test[78]" classname="org.apache.commons.imaging.common.bytesource.ByteSourceImageTest" time="0.001"/>
  <testcase name="testGetInputStreamThrowsNullPointerException[78]" classname="org.apache.commons.imaging.common.bytesource.ByteSourceImageTest" time="0"/>
  <testcase name="test[79]" classname="org.apache.commons.imaging.common.bytesource.ByteSourceImageTest" time="0.001"/>
  <testcase name="testGetInputStreamThrowsNullPointerException[79]" classname="org.apache.commons.imaging.common.bytesource.ByteSourceImageTest" time="0.001"/>
  <testcase name="test[80]" classname="org.apache.commons.imaging.common.bytesource.ByteSourceImageTest" time="0.056"/>
  <testcase name="testGetInputStreamThrowsNullPointerException[80]" classname="org.apache.commons.imaging.common.bytesource.ByteSourceImageTest" time="0"/>
  <testcase name="test[81]" classname="org.apache.commons.imaging.common.bytesource.ByteSourceImageTest" time="0.023"/>
  <testcase name="testGetInputStreamThrowsNullPointerException[81]" classname="org.apache.commons.imaging.common.bytesource.ByteSourceImageTest" time="0"/>
</testsuite>