<?xml version="1.0" encoding="UTF-8"?>
<testsuite name="org.asteriskjava.fastagi.DefaultAgiServerTest" time="0.174" tests="4" errors="0" skipped="0" failures="0">
  <properties>
    <property name="java.runtime.name" value="OpenJDK Runtime Environment"/>
    <property name="sun.boot.library.path" value="/usr/lib/jvm/java-1.8.0-openjdk-1.8.0.242.b08-0.fc30.x86_64/jre/lib/amd64"/>
    <property name="java.vm.version" value="25.242-b08"/>
    <property name="java.vm.vendor" value="Oracle Corporation"/>
    <property name="maven.multiModuleProjectDirectory" value="/s/smith/b/nobackup/mkshin/Spring2020/Research/HyRTS/asterisk/workingDir"/>
    <property name="java.vendor.url" value="http://java.oracle.com/"/>
    <property name="path.separator" value=":"/>
    <property name="guice.disable.misplaced.annotation.check" value="true"/>
    <property name="java.vm.name" value="OpenJDK 64-Bit Server VM"/>
    <property name="file.encoding.pkg" value="sun.io"/>
    <property name="user.country" value="US"/>
    <property name="sun.java.launcher" value="SUN_STANDARD"/>
    <property name="sun.os.patch.level" value="unknown"/>
    <property name="java.vm.specification.name" value="Java Virtual Machine Specification"/>
    <property name="user.dir" value="/s/smith/b/nobackup/mkshin/Spring2020/Research/HyRTS/asterisk/workingDir"/>
    <property name="java.runtime.version" value="1.8.0_242-b08"/>
    <property name="java.awt.graphicsenv" value="sun.awt.X11GraphicsEnvironment"/>
    <property name="java.endorsed.dirs" value="/usr/lib/jvm/java-1.8.0-openjdk-1.8.0.242.b08-0.fc30.x86_64/jre/lib/endorsed"/>
    <property name="os.arch" value="amd64"/>
    <property name="java.io.tmpdir" value="/tmp"/>
    <property name="line.separator" value="&#10;"/>
    <property name="java.vm.specification.vendor" value="Oracle Corporation"/>
    <property name="os.name" value="Linux"/>
    <property name="classworlds.conf" value="/usr/share/maven/bin/m2.conf"/>
    <property name="sun.jnu.encoding" value="UTF-8"/>
    <property name="java.library.path" value=":/usr/java/packages/lib/amd64:/usr/lib64:/lib64:/lib:/usr/lib"/>
    <property name="maven.conf" value="/usr/share/maven/conf"/>
    <property name="java.specification.name" value="Java Platform API Specification"/>
    <property name="java.class.version" value="52.0"/>
    <property name="sun.management.compiler" value="HotSpot 64-Bit Tiered Compilers"/>
    <property name="os.version" value="5.5.10-100.fc30.x86_64"/>
    <property name="library.jansi.path" value="/usr/share/maven/lib/jansi-native"/>
    <property name="user.home" value="/s/chopin/a/grad/mkshin"/>
    <property name="user.timezone" value="America/Denver"/>
    <property name="set.hyrts.coverage.maven.DynamicAgentLoader Loaded" value=""/>
    <property name="java.awt.printerjob" value="sun.print.PSPrinterJob"/>
    <property name="java.specification.version" value="1.8"/>
    <property name="file.encoding" value="UTF-8"/>
    <property name="user.name" value="mkshin"/>
    <property name="java.class.path" value="/usr/share/java/plexus-classworlds.jar"/>
    <property name="HYRTS_EXCLUDED" value="[org/asteriskjava/fastagi/internal/AgiChannelImplTest.*, org/asteriskjava/manager/event/AsyncAgiEventTest.*, org/asteriskjava/util/AstUtilTest.*, org/asteriskjava/fastagi/internal/AgiRequestImplTest.*, org/asteriskjava/live/internal/AsteriskAgentImplTest.*, org/asteriskjava/manager/event/T38FaxStatusEventTest.*, org/asteriskjava/manager/internal/ManagerConnectionImplTest.*, org/asteriskjava/manager/internal/ActionBuilderImplTest.*, org/asteriskjava/fastagi/ClassNameMappingStrategyTest.*, org/asteriskjava/util/DateUtilTest.*, org/asteriskjava/manager/event/NewStateEventTest.*, org/asteriskjava/pbx/agi/RateLimiterTest.*, org/asteriskjava/pbx/internal/core/ListenerManagerTest.*, org/asteriskjava/live/internal/AsteriskQueueMemberImplTest.*, org/asteriskjava/util/internal/streamreader/FastScannerSpeedTest.*, org/asteriskjava/manager/response/SipShowPeerResponseTest.*, org/asteriskjava/live/internal/AsteriskChannelImplTest.*, org/asteriskjava/fastagi/internal/AgiWriterImplTest.*, org/asteriskjava/AsteriskVersionTest.*, org/asteriskjava/manager/event/SkypeChatMessageEventTest.*, org/asteriskjava/util/internal/streamreader/FastScannerDeterministicTest.*, org/asteriskjava/live/CallerIdTest.*, org/asteriskjava/manager/internal/ManagerWriterImplTest.*, org/asteriskjava/manager/internal/EventBuilderImplTest.*, org/asteriskjava/live/QueueMemberStateTest.*, org/asteriskjava/fastagi/command/AbstractAgiCommandTest.*, org/asteriskjava/manager/event/SkypeBuddyStatusEventTest.*, org/asteriskjava/fastagi/ScriptEngineMappingStrategyTest.*, org/asteriskjava/fastagi/internal/AgiReaderImplTest.*, org/asteriskjava/manager/internal/ManagerReaderImplTest.*, org/asteriskjava/fastagi/CompositeMappingStrategyTest.*, org/asteriskjava/manager/event/ChannelReloadEventTest.*, org/asteriskjava/live/HangupCauseTest.*, org/asteriskjava/manager/internal/backwardsCompatibility/bridge/BridgeEnterEventComparatorTest.*, org/asteriskjava/manager/event/RtcpReceivedEventTest.*, org/asteriskjava/fastagi/command/ExecCommandTest.*, org/asteriskjava/fastagi/ResourceBundleMappingStrategyTest.*, org/asteriskjava/manager/event/CdrEventTest.*, org/asteriskjava/fastagi/command/GetDataCommandTest.*, org/asteriskjava/config/ConfigFileParserTest.*, org/asteriskjava/manager/internal/ResponseBuilderImplTest.*, org/asteriskjava/manager/AbstractManagerEventListenerTest.*, org/asteriskjava/util/internal/streamreader/FastScannerRandomTest.*, org/asteriskjava/fastagi/internal/AgiReplyImplTest.*, org/asteriskjava/manager/response/CoreStatusResponseTest.*]"/>
    <property name="java.vm.specification.version" value="1.8"/>
    <property name="sun.arch.data.model" value="64"/>
    <property name="java.home" value="/usr/lib/jvm/java-1.8.0-openjdk-1.8.0.242.b08-0.fc30.x86_64/jre"/>
    <property name="sun.java.command" value="org.codehaus.plexus.classworlds.launcher.Launcher hyrts:HyRTS -Phyrtsp -Drat.skip=true"/>
    <property name="java.specification.vendor" value="Oracle Corporation"/>
    <property name="user.language" value="en"/>
    <property name="awt.toolkit" value="sun.awt.X11.XToolkit"/>
    <property name="java.vm.info" value="mixed mode"/>
    <property name="java.version" value="1.8.0_242"/>
    <property name="java.ext.dirs" value="/usr/lib/jvm/java-1.8.0-openjdk-1.8.0.242.b08-0.fc30.x86_64/jre/lib/ext:/usr/java/packages/lib/ext"/>
    <property name="sun.boot.class.path" value="/usr/lib/jvm/java-1.8.0-openjdk-1.8.0.242.b08-0.fc30.x86_64/jre/lib/resources.jar:/usr/lib/jvm/java-1.8.0-openjdk-1.8.0.242.b08-0.fc30.x86_64/jre/lib/rt.jar:/usr/lib/jvm/java-1.8.0-openjdk-1.8.0.242.b08-0.fc30.x86_64/jre/lib/sunrsasign.jar:/usr/lib/jvm/java-1.8.0-openjdk-1.8.0.242.b08-0.fc30.x86_64/jre/lib/jsse.jar:/usr/lib/jvm/java-1.8.0-openjdk-1.8.0.242.b08-0.fc30.x86_64/jre/lib/jce.jar:/usr/lib/jvm/java-1.8.0-openjdk-1.8.0.242.b08-0.fc30.x86_64/jre/lib/charsets.jar:/usr/lib/jvm/java-1.8.0-openjdk-1.8.0.242.b08-0.fc30.x86_64/jre/lib/jfr.jar:/usr/lib/jvm/java-1.8.0-openjdk-1.8.0.242.b08-0.fc30.x86_64/jre/classes"/>
    <property name="java.vendor" value="Oracle Corporation"/>
    <property name="rat.skip" value="true"/>
    <property name="maven.home" value="/usr/share/maven"/>
    <property name="file.separator" value="/"/>
    <property name="java.vendor.url.bug" value="http://bugreport.sun.com/bugreport/"/>
    <property name="sun.cpu.endian" value="little"/>
    <property name="sun.io.unicode.encoding" value="UnicodeLittle"/>
    <property name="sun.cpu.isalist" value=""/>
  </properties>
  <testcase name="testDummy" classname="org.asteriskjava.fastagi.DefaultAgiServerTest" time="0.171"/>
  <testcase name="testLoadConfigWithPort" classname="org.asteriskjava.fastagi.DefaultAgiServerTest" time="0.001"/>
  <testcase name="testLoadConfigWithBindPort" classname="org.asteriskjava.fastagi.DefaultAgiServerTest" time="0.001"/>
  <testcase name="testLoadConfigWithDefaultPort" classname="org.asteriskjava.fastagi.DefaultAgiServerTest" time="0.001"/>
</testsuite>