<?xml version="1.0" encoding="UTF-8"?>
<testsuite xmlns:xsi="http://www.w3.org/2001/XMLSchema-instance" xsi:noNamespaceSchemaLocation="https://maven.apache.org/surefire/maven-surefire-plugin/xsd/surefire-test-report.xsd" name="org.apache.commons.collections4.CollectionUtilsTest" time="0.412" tests="115" errors="0" skipped="0" failures="0">
  <properties>
    <property name="awt.toolkit" value="sun.awt.X11.XToolkit"/>
    <property name="file.encoding.pkg" value="sun.io"/>
    <property name="java.specification.version" value="1.8"/>
    <property name="sun.cpu.isalist" value=""/>
    <property name="sun.jnu.encoding" value="UTF-8"/>
    <property name="java.class.path" value="/s/smith/b/nobackup/mkshin/Spring2020/Research/Ekstazi/commonsCollection/workingDir/target/test-classes:/s/smith/b/nobackup/mkshin/Spring2020/Research/Ekstazi/commonsCollection/workingDir/target/classes:/s/chopin/a/grad/mkshin/.m2/repository/junit/junit/4.12/junit-4.12.jar:/s/chopin/a/grad/mkshin/.m2/repository/org/hamcrest/hamcrest-core/1.3/hamcrest-core-1.3.jar:/s/chopin/a/grad/mkshin/.m2/repository/org/easymock/easymock/4.1/easymock-4.1.jar:/s/chopin/a/grad/mkshin/.m2/repository/org/objenesis/objenesis/3.1/objenesis-3.1.jar:/s/chopin/a/grad/mkshin/.m2/repository/org/apache/commons/commons-lang3/3.9/commons-lang3-3.9.jar:"/>
    <property name="java.vm.vendor" value="Oracle Corporation"/>
    <property name="sun.arch.data.model" value="64"/>
    <property name="java.vendor.url" value="http://java.oracle.com/"/>
    <property name="user.timezone" value=""/>
    <property name="java.vm.specification.version" value="1.8"/>
    <property name="os.name" value="Linux"/>
    <property name="rat.skip" value="true"/>
    <property name="user.country" value="US"/>
    <property name="sun.java.launcher" value="SUN_STANDARD"/>
    <property name="sun.boot.library.path" value="/usr/lib/jvm/java-1.8.0-openjdk-1.8.0.242.b08-0.fc30.x86_64/jre/lib/amd64"/>
    <property name="sun.java.command" value="/s/smith/b/nobackup/mkshin/Spring2020/Research/Ekstazi/commonsCollection/workingDir/target/surefire/surefirebooter8649695629206109344.jar /s/smith/b/nobackup/mkshin/Spring2020/Research/Ekstazi/commonsCollection/workingDir/target/surefire 2020-05-18T23-05-45_767-jvmRun1 surefire5459758711405642704tmp surefire_08771125613645467490tmp"/>
    <property name="surefire.test.class.path" value="/s/smith/b/nobackup/mkshin/Spring2020/Research/Ekstazi/commonsCollection/workingDir/target/test-classes:/s/smith/b/nobackup/mkshin/Spring2020/Research/Ekstazi/commonsCollection/workingDir/target/classes:/s/chopin/a/grad/mkshin/.m2/repository/junit/junit/4.12/junit-4.12.jar:/s/chopin/a/grad/mkshin/.m2/repository/org/hamcrest/hamcrest-core/1.3/hamcrest-core-1.3.jar:/s/chopin/a/grad/mkshin/.m2/repository/org/easymock/easymock/4.1/easymock-4.1.jar:/s/chopin/a/grad/mkshin/.m2/repository/org/objenesis/objenesis/3.1/objenesis-3.1.jar:/s/chopin/a/grad/mkshin/.m2/repository/org/apache/commons/commons-lang3/3.9/commons-lang3-3.9.jar:"/>
    <property name="sun.cpu.endian" value="little"/>
    <property name="user.home" value="/s/chopin/a/grad/mkshin"/>
    <property name="user.language" value="en"/>
    <property name="java.specification.vendor" value="Oracle Corporation"/>
    <property name="java.home" value="/usr/lib/jvm/java-1.8.0-openjdk-1.8.0.242.b08-0.fc30.x86_64/jre"/>
    <property name="basedir" value="/s/smith/b/nobackup/mkshin/Spring2020/Research/Ekstazi/commonsCollection/workingDir"/>
    <property name="file.separator" value="/"/>
    <property name="line.separator" value="&#10;"/>
    <property name="java.vm.specification.vendor" value="Oracle Corporation"/>
    <property name="java.specification.name" value="Java Platform API Specification"/>
    <property name="java.awt.graphicsenv" value="sun.awt.X11GraphicsEnvironment"/>
    <property name="surefire.real.class.path" value="/s/smith/b/nobackup/mkshin/Spring2020/Research/Ekstazi/commonsCollection/workingDir/target/surefire/surefirebooter8649695629206109344.jar:/s/chopin/a/grad/mkshin/.m2/repository/org/ekstazi/org.ekstazi.core/4.6.3/org.ekstazi.core-4.6.3.jar:/s/chopin/a/grad/mkshin/.m2/repository/org/jacoco/org.jacoco.agent/0.8.4/org.jacoco.agent-0.8.4-runtime.jar"/>
    <property name="sun.boot.class.path" value="/usr/lib/jvm/java-1.8.0-openjdk-1.8.0.242.b08-0.fc30.x86_64/jre/lib/resources.jar:/usr/lib/jvm/java-1.8.0-openjdk-1.8.0.242.b08-0.fc30.x86_64/jre/lib/rt.jar:/usr/lib/jvm/java-1.8.0-openjdk-1.8.0.242.b08-0.fc30.x86_64/jre/lib/sunrsasign.jar:/usr/lib/jvm/java-1.8.0-openjdk-1.8.0.242.b08-0.fc30.x86_64/jre/lib/jsse.jar:/usr/lib/jvm/java-1.8.0-openjdk-1.8.0.242.b08-0.fc30.x86_64/jre/lib/jce.jar:/usr/lib/jvm/java-1.8.0-openjdk-1.8.0.242.b08-0.fc30.x86_64/jre/lib/charsets.jar:/usr/lib/jvm/java-1.8.0-openjdk-1.8.0.242.b08-0.fc30.x86_64/jre/lib/jfr.jar:/usr/lib/jvm/java-1.8.0-openjdk-1.8.0.242.b08-0.fc30.x86_64/jre/classes"/>
    <property name="sun.management.compiler" value="HotSpot 64-Bit Tiered Compilers"/>
    <property name="java.runtime.version" value="1.8.0_242-b08"/>
    <property name="user.name" value="mkshin"/>
    <property name="path.separator" value=":"/>
    <property name="os.version" value="5.5.10-100.fc30.x86_64"/>
    <property name="java.endorsed.dirs" value="/usr/lib/jvm/java-1.8.0-openjdk-1.8.0.242.b08-0.fc30.x86_64/jre/lib/endorsed"/>
    <property name="java.runtime.name" value="OpenJDK Runtime Environment"/>
    <property name="file.encoding" value="UTF-8"/>
    <property name="java.vm.name" value="OpenJDK 64-Bit Server VM"/>
    <property name="localRepository" value="/s/chopin/a/grad/mkshin/.m2/repository"/>
    <property name="java.vendor.url.bug" value="http://bugreport.sun.com/bugreport/"/>
    <property name="java.io.tmpdir" value="/tmp"/>
    <property name="java.version" value="1.8.0_242"/>
    <property name="user.dir" value="/s/smith/b/nobackup/mkshin/Spring2020/Research/Ekstazi/commonsCollection/workingDir"/>
    <property name="os.arch" value="amd64"/>
    <property name="java.vm.specification.name" value="Java Virtual Machine Specification"/>
    <property name="java.awt.printerjob" value="sun.print.PSPrinterJob"/>
    <property name="sun.os.patch.level" value="unknown"/>
    <property name="java.library.path" value=":/usr/java/packages/lib/amd64:/usr/lib64:/lib64:/lib:/usr/lib"/>
    <property name="java.vm.info" value="mixed mode"/>
    <property name="java.vendor" value="Oracle Corporation"/>
    <property name="java.vm.version" value="25.242-b08"/>
    <property name="java.ext.dirs" value="/usr/lib/jvm/java-1.8.0-openjdk-1.8.0.242.b08-0.fc30.x86_64/jre/lib/ext:/usr/java/packages/lib/ext"/>
    <property name="sun.io.unicode.encoding" value="UnicodeLittle"/>
    <property name="java.class.version" value="52.0"/>
  </properties>
  <testcase name="forAllDoIterator" classname="org.apache.commons.collections4.CollectionUtilsTest" time="0.026"/>
  <testcase name="countMatches" classname="org.apache.commons.collections4.CollectionUtilsTest" time="0.006"/>
  <testcase name="getCardinalityMap" classname="org.apache.commons.collections4.CollectionUtilsTest" time="0"/>
  <testcase name="testIsEmptyWithNull" classname="org.apache.commons.collections4.CollectionUtilsTest" time="0"/>
  <testcase name="testIsEmptyWithNonEmptyCollection" classname="org.apache.commons.collections4.CollectionUtilsTest" time="0"/>
  <testcase name="testIsEmptyWithEmptyCollection" classname="org.apache.commons.collections4.CollectionUtilsTest" time="0"/>
  <testcase name="testIsEqualCollection2" classname="org.apache.commons.collections4.CollectionUtilsTest" time="0"/>
  <testcase name="filterNullParameters" classname="org.apache.commons.collections4.CollectionUtilsTest" time="0"/>
  <testcase name="transform1" classname="org.apache.commons.collections4.CollectionUtilsTest" time="0"/>
  <testcase name="transform2" classname="org.apache.commons.collections4.CollectionUtilsTest" time="0"/>
  <testcase name="testIsEqualCollection" classname="org.apache.commons.collections4.CollectionUtilsTest" time="0"/>
  <testcase name="testRemoveCountNegative" classname="org.apache.commons.collections4.CollectionUtilsTest" time="0"/>
  <testcase name="testSizeIsEmpty_Enumeration" classname="org.apache.commons.collections4.CollectionUtilsTest" time="0"/>
  <testcase name="testIsSubCollection2" classname="org.apache.commons.collections4.CollectionUtilsTest" time="0"/>
  <testcase name="testRemoveRangeEndIndexNegative" classname="org.apache.commons.collections4.CollectionUtilsTest" time="0.003"/>
  <testcase name="testIsProperSubCollection" classname="org.apache.commons.collections4.CollectionUtilsTest" time="0.006"/>
  <testcase name="addAllForElements" classname="org.apache.commons.collections4.CollectionUtilsTest" time="0"/>
  <testcase name="testSubtract" classname="org.apache.commons.collections4.CollectionUtilsTest" time="0"/>
  <testcase name="getNegative" classname="org.apache.commons.collections4.CollectionUtilsTest" time="0"/>
  <testcase name="testIsEqualCollectionReturnsFalse" classname="org.apache.commons.collections4.CollectionUtilsTest" time="0.001"/>
  <testcase name="exists" classname="org.apache.commons.collections4.CollectionUtilsTest" time="0"/>
  <testcase name="filter" classname="org.apache.commons.collections4.CollectionUtilsTest" time="0"/>
  <testcase name="getFromEnumeration" classname="org.apache.commons.collections4.CollectionUtilsTest" time="0.001"/>
  <testcase name="isFull" classname="org.apache.commons.collections4.CollectionUtilsTest" time="0.01"/>
  <testcase name="testTransformedCollection" classname="org.apache.commons.collections4.CollectionUtilsTest" time="0.005"/>
  <testcase name="testRemoveCountWrongCount" classname="org.apache.commons.collections4.CollectionUtilsTest" time="0"/>
  <testcase name="getIterator" classname="org.apache.commons.collections4.CollectionUtilsTest" time="0.001"/>
  <testcase name="containsAnyInCollection" classname="org.apache.commons.collections4.CollectionUtilsTest" time="0"/>
  <testcase name="testIsNotEmptyWithNull" classname="org.apache.commons.collections4.CollectionUtilsTest" time="0"/>
  <testcase name="testRemoveCount" classname="org.apache.commons.collections4.CollectionUtilsTest" time="0.001"/>
  <testcase name="testRemoveRange" classname="org.apache.commons.collections4.CollectionUtilsTest" time="0"/>
  <testcase name="intersectionUsesMethodEquals" classname="org.apache.commons.collections4.CollectionUtilsTest" time="0"/>
  <testcase name="getFromPrimitiveArray" classname="org.apache.commons.collections4.CollectionUtilsTest" time="0"/>
  <testcase name="addAllForEnumeration" classname="org.apache.commons.collections4.CollectionUtilsTest" time="0"/>
  <testcase name="select" classname="org.apache.commons.collections4.CollectionUtilsTest" time="0"/>
  <testcase name="forAllButLastDoCollection" classname="org.apache.commons.collections4.CollectionUtilsTest" time="0.002"/>
  <testcase name="testSize_PrimitiveArray" classname="org.apache.commons.collections4.CollectionUtilsTest" time="0"/>
  <testcase name="testRetainAll" classname="org.apache.commons.collections4.CollectionUtilsTest" time="0.005"/>
  <testcase name="testSizeIsEmpty_PrimitiveArray" classname="org.apache.commons.collections4.CollectionUtilsTest" time="0"/>
  <testcase name="emptyCollection" classname="org.apache.commons.collections4.CollectionUtilsTest" time="0"/>
  <testcase name="testRemoveRangeWrongEndIndex" classname="org.apache.commons.collections4.CollectionUtilsTest" time="0"/>
  <testcase name="containsAnyInArray" classname="org.apache.commons.collections4.CollectionUtilsTest" time="0.002"/>
  <testcase name="disjunction" classname="org.apache.commons.collections4.CollectionUtilsTest" time="0"/>
  <testcase name="testSubtractWithPredicate" classname="org.apache.commons.collections4.CollectionUtilsTest" time="0.001"/>
  <testcase name="testTransformedCollection_2" classname="org.apache.commons.collections4.CollectionUtilsTest" time="0"/>
  <testcase name="addAllForIterable" classname="org.apache.commons.collections4.CollectionUtilsTest" time="0.064"/>
  <testcase name="cardinalityOfNull" classname="org.apache.commons.collections4.CollectionUtilsTest" time="0.003"/>
  <testcase name="collateException1" classname="org.apache.commons.collections4.CollectionUtilsTest" time="0.003"/>
  <testcase name="collateException2" classname="org.apache.commons.collections4.CollectionUtilsTest" time="0.001"/>
  <testcase name="extractSingleton" classname="org.apache.commons.collections4.CollectionUtilsTest" time="0"/>
  <testcase name="testSizeIsEmpty_List" classname="org.apache.commons.collections4.CollectionUtilsTest" time="0"/>
  <testcase name="testSizeIsEmpty_Null" classname="org.apache.commons.collections4.CollectionUtilsTest" time="0.001"/>
  <testcase name="testIsSubCollectionOfSelf" classname="org.apache.commons.collections4.CollectionUtilsTest" time="0"/>
  <testcase name="testSizeIsEmpty_Map" classname="org.apache.commons.collections4.CollectionUtilsTest" time="0.001"/>
  <testcase name="get" classname="org.apache.commons.collections4.CollectionUtilsTest" time="0"/>
  <testcase name="find" classname="org.apache.commons.collections4.CollectionUtilsTest" time="0.001"/>
  <testcase name="get1" classname="org.apache.commons.collections4.CollectionUtilsTest" time="0"/>
  <testcase name="testIsEqualCollectionEquator" classname="org.apache.commons.collections4.CollectionUtilsTest" time="0.006"/>
  <testcase name="testRemoveCountStartNegative" classname="org.apache.commons.collections4.CollectionUtilsTest" time="0"/>
  <testcase name="getPositiveOutOfBounds" classname="org.apache.commons.collections4.CollectionUtilsTest" time="0"/>
  <testcase name="union" classname="org.apache.commons.collections4.CollectionUtilsTest" time="0"/>
  <testcase name="intersection" classname="org.apache.commons.collections4.CollectionUtilsTest" time="0"/>
  <testcase name="containsAll" classname="org.apache.commons.collections4.CollectionUtilsTest" time="0.001"/>
  <testcase name="getFromObjectArray" classname="org.apache.commons.collections4.CollectionUtilsTest" time="0.001"/>
  <testcase name="testRemoveRangeEndLowStart" classname="org.apache.commons.collections4.CollectionUtilsTest" time="0"/>
  <testcase name="selectRejected" classname="org.apache.commons.collections4.CollectionUtilsTest" time="0.001"/>
  <testcase name="getFromIterable" classname="org.apache.commons.collections4.CollectionUtilsTest" time="0.002"/>
  <testcase name="getFromIterator" classname="org.apache.commons.collections4.CollectionUtilsTest" time="0"/>
  <testcase name="getFromMap" classname="org.apache.commons.collections4.CollectionUtilsTest" time="0.002"/>
  <testcase name="testPermutationsWithNullCollection" classname="org.apache.commons.collections4.CollectionUtilsTest" time="0.002"/>
  <testcase name="testCollateIgnoreDuplicates" classname="org.apache.commons.collections4.CollectionUtilsTest" time="0.003"/>
  <testcase name="testCollate" classname="org.apache.commons.collections4.CollectionUtilsTest" time="0.002"/>
  <testcase name="forAllDoCollection" classname="org.apache.commons.collections4.CollectionUtilsTest" time="0.001"/>
  <testcase name="testRetainAllWithEquator" classname="org.apache.commons.collections4.CollectionUtilsTest" time="0.002"/>
  <testcase name="predicatedCollection" classname="org.apache.commons.collections4.CollectionUtilsTest" time="0.005"/>
  <testcase name="testRemoveCountWithNull" classname="org.apache.commons.collections4.CollectionUtilsTest" time="0"/>
  <testcase name="testIsSubCollection" classname="org.apache.commons.collections4.CollectionUtilsTest" time="0"/>
  <testcase name="getFromList" classname="org.apache.commons.collections4.CollectionUtilsTest" time="0.003"/>
  <testcase name="maxSize" classname="org.apache.commons.collections4.CollectionUtilsTest" time="0.001"/>
  <testcase name="cardinality" classname="org.apache.commons.collections4.CollectionUtilsTest" time="0"/>
  <testcase name="testSynchronizedCollection" classname="org.apache.commons.collections4.CollectionUtilsTest" time="0.001"/>
  <testcase name="emptyIfNull" classname="org.apache.commons.collections4.CollectionUtilsTest" time="0"/>
  <testcase name="getEnumeration" classname="org.apache.commons.collections4.CollectionUtilsTest" time="0"/>
  <testcase name="addIgnoreNull" classname="org.apache.commons.collections4.CollectionUtilsTest" time="0"/>
  <testcase name="collect" classname="org.apache.commons.collections4.CollectionUtilsTest" time="0.002"/>
  <testcase name="testDisjunctionAsUnionMinusIntersection" classname="org.apache.commons.collections4.CollectionUtilsTest" time="0.001"/>
  <testcase name="testUnmodifiableCollection" classname="org.apache.commons.collections4.CollectionUtilsTest" time="0.002"/>
  <testcase name="reverse" classname="org.apache.commons.collections4.CollectionUtilsTest" time="0.001"/>
  <testcase name="testMatchesAll" classname="org.apache.commons.collections4.CollectionUtilsTest" time="0.003"/>
  <testcase name="testSize_List" classname="org.apache.commons.collections4.CollectionUtilsTest" time="0"/>
  <testcase name="testIsEqualCollectionNullEquator" classname="org.apache.commons.collections4.CollectionUtilsTest" time="0.001"/>
  <testcase name="testRemoveRangeNull" classname="org.apache.commons.collections4.CollectionUtilsTest" time="0"/>
  <testcase name="testSize_Enumeration" classname="org.apache.commons.collections4.CollectionUtilsTest" time="0"/>
  <testcase name="testSizeIsEmpty_Iterator" classname="org.apache.commons.collections4.CollectionUtilsTest" time="0"/>
  <testcase name="filterInverse" classname="org.apache.commons.collections4.CollectionUtilsTest" time="0.003"/>
  <testcase name="forAllDoFailure" classname="org.apache.commons.collections4.CollectionUtilsTest" time="0.001"/>
  <testcase name="testSizeIsEmpty_Array" classname="org.apache.commons.collections4.CollectionUtilsTest" time="0.001"/>
  <testcase name="filterInverseNullParameters" classname="org.apache.commons.collections4.CollectionUtilsTest" time="0.001"/>
  <testcase name="testSize_Map" classname="org.apache.commons.collections4.CollectionUtilsTest" time="0"/>
  <testcase name="testSizeIsEmpty_Other" classname="org.apache.commons.collections4.CollectionUtilsTest" time="0.001"/>
  <testcase name="testIsNotEmptyWithNonEmptyCollection" classname="org.apache.commons.collections4.CollectionUtilsTest" time="0"/>
  <testcase name="testDisjunctionAsSymmetricDifference" classname="org.apache.commons.collections4.CollectionUtilsTest" time="0.001"/>
  <testcase name="testPermutations" classname="org.apache.commons.collections4.CollectionUtilsTest" time="0"/>
  <testcase name="testSize_Iterator" classname="org.apache.commons.collections4.CollectionUtilsTest" time="0"/>
  <testcase name="testIsEqualCollectionToSelf" classname="org.apache.commons.collections4.CollectionUtilsTest" time="0"/>
  <testcase name="getFromObject" classname="org.apache.commons.collections4.CollectionUtilsTest" time="0"/>
  <testcase name="testSize_Array" classname="org.apache.commons.collections4.CollectionUtilsTest" time="0.001"/>
  <testcase name="testSize_Other" classname="org.apache.commons.collections4.CollectionUtilsTest" time="0"/>
  <testcase name="forAllButLastDoIterator" classname="org.apache.commons.collections4.CollectionUtilsTest" time="0.001"/>
  <testcase name="testRemoveRangeStartIndexNegative" classname="org.apache.commons.collections4.CollectionUtilsTest" time="0"/>
  <testcase name="testRemoveAll" classname="org.apache.commons.collections4.CollectionUtilsTest" time="0.001"/>
  <testcase name="testRemoveAllWithEquator" classname="org.apache.commons.collections4.CollectionUtilsTest" time="0.003"/>
  <testcase name="isEmpty" classname="org.apache.commons.collections4.CollectionUtilsTest" time="0.001"/>
  <testcase name="selectWithOutputCollections" classname="org.apache.commons.collections4.CollectionUtilsTest" time="0.004"/>
  <testcase name="testIsNotEmptyWithEmptyCollection" classname="org.apache.commons.collections4.CollectionUtilsTest" time="0"/>
</testsuite>