<?xml version="1.0" encoding="UTF-8"?>
<testsuite xmlns:xsi="http://www.w3.org/2001/XMLSchema-instance" xsi:noNamespaceSchemaLocation="https://maven.apache.org/surefire/maven-surefire-plugin/xsd/surefire-test-report.xsd" name="org.apache.commons.collections4.PredicateUtilsTest" time="0.081" tests="65" errors="0" skipped="0" failures="0">
  <properties>
    <property name="awt.toolkit" value="sun.awt.X11.XToolkit"/>
    <property name="file.encoding.pkg" value="sun.io"/>
    <property name="java.specification.version" value="1.8"/>
    <property name="sun.cpu.isalist" value=""/>
    <property name="sun.jnu.encoding" value="UTF-8"/>
    <property name="java.class.path" value="/s/smith/b/nobackup/mkshin/Spring2020/Research/Ekstazi/commonsCollection/workingDir/target/test-classes:/s/smith/b/nobackup/mkshin/Spring2020/Research/Ekstazi/commonsCollection/workingDir/target/classes:/s/chopin/a/grad/mkshin/.m2/repository/junit/junit/4.12/junit-4.12.jar:/s/chopin/a/grad/mkshin/.m2/repository/org/hamcrest/hamcrest-core/1.3/hamcrest-core-1.3.jar:/s/chopin/a/grad/mkshin/.m2/repository/org/easymock/easymock/4.1/easymock-4.1.jar:/s/chopin/a/grad/mkshin/.m2/repository/org/objenesis/objenesis/3.1/objenesis-3.1.jar:/s/chopin/a/grad/mkshin/.m2/repository/org/apache/commons/commons-lang3/3.9/commons-lang3-3.9.jar:"/>
    <property name="java.vm.vendor" value="Oracle Corporation"/>
    <property name="sun.arch.data.model" value="64"/>
    <property name="java.vendor.url" value="http://java.oracle.com/"/>
    <property name="user.timezone" value=""/>
    <property name="java.vm.specification.version" value="1.8"/>
    <property name="os.name" value="Linux"/>
    <property name="rat.skip" value="true"/>
    <property name="user.country" value="US"/>
    <property name="sun.java.launcher" value="SUN_STANDARD"/>
    <property name="sun.boot.library.path" value="/usr/lib/jvm/java-1.8.0-openjdk-1.8.0.242.b08-0.fc30.x86_64/jre/lib/amd64"/>
    <property name="sun.java.command" value="/s/smith/b/nobackup/mkshin/Spring2020/Research/Ekstazi/commonsCollection/workingDir/target/surefire/surefirebooter8649695629206109344.jar /s/smith/b/nobackup/mkshin/Spring2020/Research/Ekstazi/commonsCollection/workingDir/target/surefire 2020-05-18T23-05-45_767-jvmRun1 surefire5459758711405642704tmp surefire_08771125613645467490tmp"/>
    <property name="surefire.test.class.path" value="/s/smith/b/nobackup/mkshin/Spring2020/Research/Ekstazi/commonsCollection/workingDir/target/test-classes:/s/smith/b/nobackup/mkshin/Spring2020/Research/Ekstazi/commonsCollection/workingDir/target/classes:/s/chopin/a/grad/mkshin/.m2/repository/junit/junit/4.12/junit-4.12.jar:/s/chopin/a/grad/mkshin/.m2/repository/org/hamcrest/hamcrest-core/1.3/hamcrest-core-1.3.jar:/s/chopin/a/grad/mkshin/.m2/repository/org/easymock/easymock/4.1/easymock-4.1.jar:/s/chopin/a/grad/mkshin/.m2/repository/org/objenesis/objenesis/3.1/objenesis-3.1.jar:/s/chopin/a/grad/mkshin/.m2/repository/org/apache/commons/commons-lang3/3.9/commons-lang3-3.9.jar:"/>
    <property name="sun.cpu.endian" value="little"/>
    <property name="user.home" value="/s/chopin/a/grad/mkshin"/>
    <property name="user.language" value="en"/>
    <property name="java.specification.vendor" value="Oracle Corporation"/>
    <property name="java.home" value="/usr/lib/jvm/java-1.8.0-openjdk-1.8.0.242.b08-0.fc30.x86_64/jre"/>
    <property name="basedir" value="/s/smith/b/nobackup/mkshin/Spring2020/Research/Ekstazi/commonsCollection/workingDir"/>
    <property name="file.separator" value="/"/>
    <property name="line.separator" value="&#10;"/>
    <property name="java.vm.specification.vendor" value="Oracle Corporation"/>
    <property name="java.specification.name" value="Java Platform API Specification"/>
    <property name="java.awt.graphicsenv" value="sun.awt.X11GraphicsEnvironment"/>
    <property name="surefire.real.class.path" value="/s/smith/b/nobackup/mkshin/Spring2020/Research/Ekstazi/commonsCollection/workingDir/target/surefire/surefirebooter8649695629206109344.jar:/s/chopin/a/grad/mkshin/.m2/repository/org/ekstazi/org.ekstazi.core/4.6.3/org.ekstazi.core-4.6.3.jar:/s/chopin/a/grad/mkshin/.m2/repository/org/jacoco/org.jacoco.agent/0.8.4/org.jacoco.agent-0.8.4-runtime.jar"/>
    <property name="sun.boot.class.path" value="/usr/lib/jvm/java-1.8.0-openjdk-1.8.0.242.b08-0.fc30.x86_64/jre/lib/resources.jar:/usr/lib/jvm/java-1.8.0-openjdk-1.8.0.242.b08-0.fc30.x86_64/jre/lib/rt.jar:/usr/lib/jvm/java-1.8.0-openjdk-1.8.0.242.b08-0.fc30.x86_64/jre/lib/sunrsasign.jar:/usr/lib/jvm/java-1.8.0-openjdk-1.8.0.242.b08-0.fc30.x86_64/jre/lib/jsse.jar:/usr/lib/jvm/java-1.8.0-openjdk-1.8.0.242.b08-0.fc30.x86_64/jre/lib/jce.jar:/usr/lib/jvm/java-1.8.0-openjdk-1.8.0.242.b08-0.fc30.x86_64/jre/lib/charsets.jar:/usr/lib/jvm/java-1.8.0-openjdk-1.8.0.242.b08-0.fc30.x86_64/jre/lib/jfr.jar:/usr/lib/jvm/java-1.8.0-openjdk-1.8.0.242.b08-0.fc30.x86_64/jre/classes"/>
    <property name="sun.management.compiler" value="HotSpot 64-Bit Tiered Compilers"/>
    <property name="java.runtime.version" value="1.8.0_242-b08"/>
    <property name="user.name" value="mkshin"/>
    <property name="path.separator" value=":"/>
    <property name="os.version" value="5.5.10-100.fc30.x86_64"/>
    <property name="java.endorsed.dirs" value="/usr/lib/jvm/java-1.8.0-openjdk-1.8.0.242.b08-0.fc30.x86_64/jre/lib/endorsed"/>
    <property name="java.runtime.name" value="OpenJDK Runtime Environment"/>
    <property name="file.encoding" value="UTF-8"/>
    <property name="java.vm.name" value="OpenJDK 64-Bit Server VM"/>
    <property name="localRepository" value="/s/chopin/a/grad/mkshin/.m2/repository"/>
    <property name="java.vendor.url.bug" value="http://bugreport.sun.com/bugreport/"/>
    <property name="java.io.tmpdir" value="/tmp"/>
    <property name="java.version" value="1.8.0_242"/>
    <property name="user.dir" value="/s/smith/b/nobackup/mkshin/Spring2020/Research/Ekstazi/commonsCollection/workingDir"/>
    <property name="os.arch" value="amd64"/>
    <property name="java.vm.specification.name" value="Java Virtual Machine Specification"/>
    <property name="java.awt.printerjob" value="sun.print.PSPrinterJob"/>
    <property name="sun.os.patch.level" value="unknown"/>
    <property name="java.library.path" value=":/usr/java/packages/lib/amd64:/usr/lib64:/lib64:/lib:/usr/lib"/>
    <property name="java.vm.info" value="mixed mode"/>
    <property name="java.vendor" value="Oracle Corporation"/>
    <property name="java.vm.version" value="25.242-b08"/>
    <property name="java.ext.dirs" value="/usr/lib/jvm/java-1.8.0-openjdk-1.8.0.242.b08-0.fc30.x86_64/jre/lib/ext:/usr/java/packages/lib/ext"/>
    <property name="sun.io.unicode.encoding" value="UnicodeLittle"/>
    <property name="java.class.version" value="52.0"/>
  </properties>
  <testcase name="testTruePredicate" classname="org.apache.commons.collections4.PredicateUtilsTest" time="0"/>
  <testcase name="testAnyPredicateEx1" classname="org.apache.commons.collections4.PredicateUtilsTest" time="0.003"/>
  <testcase name="testAnyPredicateEx2" classname="org.apache.commons.collections4.PredicateUtilsTest" time="0"/>
  <testcase name="testAnyPredicateEx3" classname="org.apache.commons.collections4.PredicateUtilsTest" time="0"/>
  <testcase name="testAnyPredicateEx4" classname="org.apache.commons.collections4.PredicateUtilsTest" time="0"/>
  <testcase name="testAnyPredicateEx5" classname="org.apache.commons.collections4.PredicateUtilsTest" time="0.001"/>
  <testcase name="testAnyPredicateEx6" classname="org.apache.commons.collections4.PredicateUtilsTest" time="0"/>
  <testcase name="testNonePredicateEx1" classname="org.apache.commons.collections4.PredicateUtilsTest" time="0.011"/>
  <testcase name="testNonePredicateEx2" classname="org.apache.commons.collections4.PredicateUtilsTest" time="0"/>
  <testcase name="testNonePredicateEx3" classname="org.apache.commons.collections4.PredicateUtilsTest" time="0"/>
  <testcase name="testNonePredicateEx4" classname="org.apache.commons.collections4.PredicateUtilsTest" time="0"/>
  <testcase name="testNonePredicateEx5" classname="org.apache.commons.collections4.PredicateUtilsTest" time="0"/>
  <testcase name="testNonePredicateEx6" classname="org.apache.commons.collections4.PredicateUtilsTest" time="0"/>
  <testcase name="testAndPredicateEx" classname="org.apache.commons.collections4.PredicateUtilsTest" time="0.001"/>
  <testcase name="testAsPredicateTransformer" classname="org.apache.commons.collections4.PredicateUtilsTest" time="0.001"/>
  <testcase name="testEitherPredicateEx" classname="org.apache.commons.collections4.PredicateUtilsTest" time="0.002"/>
  <testcase name="testInvokerPredicate2" classname="org.apache.commons.collections4.PredicateUtilsTest" time="0"/>
  <testcase name="testAsPredicateTransformerEx1" classname="org.apache.commons.collections4.PredicateUtilsTest" time="0"/>
  <testcase name="testAsPredicateTransformerEx2" classname="org.apache.commons.collections4.PredicateUtilsTest" time="0"/>
  <testcase name="testNullIsFalsePredicate" classname="org.apache.commons.collections4.PredicateUtilsTest" time="0.001"/>
  <testcase name="testNeitherPredicate" classname="org.apache.commons.collections4.PredicateUtilsTest" time="0"/>
  <testcase name="testAllPredicateEx1" classname="org.apache.commons.collections4.PredicateUtilsTest" time="0.001"/>
  <testcase name="testAllPredicateEx2" classname="org.apache.commons.collections4.PredicateUtilsTest" time="0"/>
  <testcase name="testAllPredicateEx3" classname="org.apache.commons.collections4.PredicateUtilsTest" time="0"/>
  <testcase name="testAllPredicateEx4" classname="org.apache.commons.collections4.PredicateUtilsTest" time="0.001"/>
  <testcase name="testAllPredicateEx5" classname="org.apache.commons.collections4.PredicateUtilsTest" time="0"/>
  <testcase name="testAllPredicateEx6" classname="org.apache.commons.collections4.PredicateUtilsTest" time="0"/>
  <testcase name="testInstanceOfPredicate" classname="org.apache.commons.collections4.PredicateUtilsTest" time="0"/>
  <testcase name="testIsNotNullPredicate" classname="org.apache.commons.collections4.PredicateUtilsTest" time="0.001"/>
  <testcase name="testAndPredicate" classname="org.apache.commons.collections4.PredicateUtilsTest" time="0"/>
  <testcase name="testFalsePredicate" classname="org.apache.commons.collections4.PredicateUtilsTest" time="0"/>
  <testcase name="testAnyPredicate" classname="org.apache.commons.collections4.PredicateUtilsTest" time="0"/>
  <testcase name="testNonePredicate" classname="org.apache.commons.collections4.PredicateUtilsTest" time="0"/>
  <testcase name="testOnePredicateEx1" classname="org.apache.commons.collections4.PredicateUtilsTest" time="0"/>
  <testcase name="testOnePredicateEx2" classname="org.apache.commons.collections4.PredicateUtilsTest" time="0.001"/>
  <testcase name="testOnePredicateEx3" classname="org.apache.commons.collections4.PredicateUtilsTest" time="0"/>
  <testcase name="testOnePredicateEx4" classname="org.apache.commons.collections4.PredicateUtilsTest" time="0"/>
  <testcase name="testOnePredicateEx5" classname="org.apache.commons.collections4.PredicateUtilsTest" time="0"/>
  <testcase name="testOnePredicateEx6" classname="org.apache.commons.collections4.PredicateUtilsTest" time="0"/>
  <testcase name="testNullIsExceptionPredicate" classname="org.apache.commons.collections4.PredicateUtilsTest" time="0.002"/>
  <testcase name="testInvokerPredicate2Ex1" classname="org.apache.commons.collections4.PredicateUtilsTest" time="0"/>
  <testcase name="testInvokerPredicate2Ex2" classname="org.apache.commons.collections4.PredicateUtilsTest" time="0"/>
  <testcase name="testInvokerPredicate2Ex3" classname="org.apache.commons.collections4.PredicateUtilsTest" time="0"/>
  <testcase name="testUniquePredicate" classname="org.apache.commons.collections4.PredicateUtilsTest" time="0.001"/>
  <testcase name="testEitherPredicate" classname="org.apache.commons.collections4.PredicateUtilsTest" time="0"/>
  <testcase name="testNotPredicate" classname="org.apache.commons.collections4.PredicateUtilsTest" time="0"/>
  <testcase name="testNullIsExceptionPredicateEx1" classname="org.apache.commons.collections4.PredicateUtilsTest" time="0"/>
  <testcase name="testInvokerPredicateEx1" classname="org.apache.commons.collections4.PredicateUtilsTest" time="0.001"/>
  <testcase name="testInvokerPredicateEx2" classname="org.apache.commons.collections4.PredicateUtilsTest" time="0"/>
  <testcase name="testInvokerPredicateEx3" classname="org.apache.commons.collections4.PredicateUtilsTest" time="0"/>
  <testcase name="testSingletonPatternInSerialization" classname="org.apache.commons.collections4.PredicateUtilsTest" time="0.005"/>
  <testcase name="testOrPredicateEx" classname="org.apache.commons.collections4.PredicateUtilsTest" time="0.001"/>
  <testcase name="testNullIsFalsePredicateEx1" classname="org.apache.commons.collections4.PredicateUtilsTest" time="0"/>
  <testcase name="testOnePredicate" classname="org.apache.commons.collections4.PredicateUtilsTest" time="0"/>
  <testcase name="testNeitherPredicateEx" classname="org.apache.commons.collections4.PredicateUtilsTest" time="0"/>
  <testcase name="testAllPredicate" classname="org.apache.commons.collections4.PredicateUtilsTest" time="0"/>
  <testcase name="testTransformedPredicate" classname="org.apache.commons.collections4.PredicateUtilsTest" time="0.002"/>
  <testcase name="testInvokerPredicate" classname="org.apache.commons.collections4.PredicateUtilsTest" time="0"/>
  <testcase name="testOrPredicate" classname="org.apache.commons.collections4.PredicateUtilsTest" time="0"/>
  <testcase name="testNullIsTruePredicate" classname="org.apache.commons.collections4.PredicateUtilsTest" time="0.001"/>
  <testcase name="testExceptionPredicate" classname="org.apache.commons.collections4.PredicateUtilsTest" time="0.001"/>
  <testcase name="testNotPredicateEx" classname="org.apache.commons.collections4.PredicateUtilsTest" time="0"/>
  <testcase name="testNullIsTruePredicateEx1" classname="org.apache.commons.collections4.PredicateUtilsTest" time="0"/>
  <testcase name="testIdentityPredicate" classname="org.apache.commons.collections4.PredicateUtilsTest" time="0.001"/>
  <testcase name="predicateSanityTests" classname="org.apache.commons.collections4.PredicateUtilsTest" time="0"/>
</testsuite>