<?xml version="1.0" encoding="UTF-8"?>
<testsuite xmlns:xsi="http://www.w3.org/2001/XMLSchema-instance" xsi:noNamespaceSchemaLocation="https://maven.apache.org/surefire/maven-surefire-plugin/xsd/surefire-test-report.xsd" name="org.apache.commons.collections4.list.CursorableLinkedListTest" time="0.077" tests="198" errors="0" skipped="0" failures="0">
  <properties>
    <property name="awt.toolkit" value="sun.awt.X11.XToolkit"/>
    <property name="file.encoding.pkg" value="sun.io"/>
    <property name="java.specification.version" value="1.8"/>
    <property name="sun.cpu.isalist" value=""/>
    <property name="sun.jnu.encoding" value="UTF-8"/>
    <property name="java.class.path" value="/s/smith/b/nobackup/mkshin/Spring2020/Research/STARTS/commonsCollection/workingDir/target/test-classes:/s/smith/b/nobackup/mkshin/Spring2020/Research/STARTS/commonsCollection/workingDir/target/classes:/s/chopin/a/grad/mkshin/.m2/repository/junit/junit/4.12/junit-4.12.jar:/s/chopin/a/grad/mkshin/.m2/repository/org/hamcrest/hamcrest-core/1.3/hamcrest-core-1.3.jar:/s/chopin/a/grad/mkshin/.m2/repository/org/easymock/easymock/4.0.2/easymock-4.0.2.jar:/s/chopin/a/grad/mkshin/.m2/repository/org/objenesis/objenesis/3.0.1/objenesis-3.0.1.jar:/s/chopin/a/grad/mkshin/.m2/repository/org/apache/commons/commons-lang3/3.9/commons-lang3-3.9.jar:"/>
    <property name="java.vm.vendor" value="Oracle Corporation"/>
    <property name="sun.arch.data.model" value="64"/>
    <property name="java.vendor.url" value="http://java.oracle.com/"/>
    <property name="user.timezone" value=""/>
    <property name="java.vm.specification.version" value="1.8"/>
    <property name="os.name" value="Linux"/>
    <property name="rat.skip" value="true"/>
    <property name="user.country" value="US"/>
    <property name="sun.java.launcher" value="SUN_STANDARD"/>
    <property name="sun.boot.library.path" value="/usr/lib/jvm/java-1.8.0-openjdk-1.8.0.242.b08-0.fc30.x86_64/jre/lib/amd64"/>
    <property name="sun.java.command" value="/s/smith/b/nobackup/mkshin/Spring2020/Research/STARTS/commonsCollection/workingDir/target/surefire/surefirebooter7532198246528610475.jar /s/smith/b/nobackup/mkshin/Spring2020/Research/STARTS/commonsCollection/workingDir/target/surefire 2020-05-18T21-16-38_569-jvmRun1 surefire7334460785623566265tmp surefire_03143372638875715598tmp"/>
    <property name="surefire.test.class.path" value="/s/smith/b/nobackup/mkshin/Spring2020/Research/STARTS/commonsCollection/workingDir/target/test-classes:/s/smith/b/nobackup/mkshin/Spring2020/Research/STARTS/commonsCollection/workingDir/target/classes:/s/chopin/a/grad/mkshin/.m2/repository/junit/junit/4.12/junit-4.12.jar:/s/chopin/a/grad/mkshin/.m2/repository/org/hamcrest/hamcrest-core/1.3/hamcrest-core-1.3.jar:/s/chopin/a/grad/mkshin/.m2/repository/org/easymock/easymock/4.0.2/easymock-4.0.2.jar:/s/chopin/a/grad/mkshin/.m2/repository/org/objenesis/objenesis/3.0.1/objenesis-3.0.1.jar:/s/chopin/a/grad/mkshin/.m2/repository/org/apache/commons/commons-lang3/3.9/commons-lang3-3.9.jar:"/>
    <property name="sun.cpu.endian" value="little"/>
    <property name="user.home" value="/s/chopin/a/grad/mkshin"/>
    <property name="user.language" value="en"/>
    <property name="java.specification.vendor" value="Oracle Corporation"/>
    <property name="java.home" value="/usr/lib/jvm/java-1.8.0-openjdk-1.8.0.242.b08-0.fc30.x86_64/jre"/>
    <property name="basedir" value="/s/smith/b/nobackup/mkshin/Spring2020/Research/STARTS/commonsCollection/workingDir"/>
    <property name="file.separator" value="/"/>
    <property name="line.separator" value="&#10;"/>
    <property name="java.vm.specification.vendor" value="Oracle Corporation"/>
    <property name="java.specification.name" value="Java Platform API Specification"/>
    <property name="java.awt.graphicsenv" value="sun.awt.X11GraphicsEnvironment"/>
    <property name="surefire.real.class.path" value="/s/smith/b/nobackup/mkshin/Spring2020/Research/STARTS/commonsCollection/workingDir/target/surefire/surefirebooter7532198246528610475.jar:/s/chopin/a/grad/mkshin/.m2/repository/org/jacoco/org.jacoco.agent/0.8.4/org.jacoco.agent-0.8.4-runtime.jar"/>
    <property name="sun.boot.class.path" value="/usr/lib/jvm/java-1.8.0-openjdk-1.8.0.242.b08-0.fc30.x86_64/jre/lib/resources.jar:/usr/lib/jvm/java-1.8.0-openjdk-1.8.0.242.b08-0.fc30.x86_64/jre/lib/rt.jar:/usr/lib/jvm/java-1.8.0-openjdk-1.8.0.242.b08-0.fc30.x86_64/jre/lib/sunrsasign.jar:/usr/lib/jvm/java-1.8.0-openjdk-1.8.0.242.b08-0.fc30.x86_64/jre/lib/jsse.jar:/usr/lib/jvm/java-1.8.0-openjdk-1.8.0.242.b08-0.fc30.x86_64/jre/lib/jce.jar:/usr/lib/jvm/java-1.8.0-openjdk-1.8.0.242.b08-0.fc30.x86_64/jre/lib/charsets.jar:/usr/lib/jvm/java-1.8.0-openjdk-1.8.0.242.b08-0.fc30.x86_64/jre/lib/jfr.jar:/usr/lib/jvm/java-1.8.0-openjdk-1.8.0.242.b08-0.fc30.x86_64/jre/classes"/>
    <property name="sun.management.compiler" value="HotSpot 64-Bit Tiered Compilers"/>
    <property name="java.runtime.version" value="1.8.0_242-b08"/>
    <property name="user.name" value="mkshin"/>
    <property name="path.separator" value=":"/>
    <property name="os.version" value="5.5.10-100.fc30.x86_64"/>
    <property name="java.endorsed.dirs" value="/usr/lib/jvm/java-1.8.0-openjdk-1.8.0.242.b08-0.fc30.x86_64/jre/lib/endorsed"/>
    <property name="java.runtime.name" value="OpenJDK Runtime Environment"/>
    <property name="file.encoding" value="UTF-8"/>
    <property name="java.vm.name" value="OpenJDK 64-Bit Server VM"/>
    <property name="localRepository" value="/s/chopin/a/grad/mkshin/.m2/repository"/>
    <property name="java.vendor.url.bug" value="http://bugreport.sun.com/bugreport/"/>
    <property name="java.io.tmpdir" value="/tmp"/>
    <property name="java.version" value="1.8.0_242"/>
    <property name="user.dir" value="/s/smith/b/nobackup/mkshin/Spring2020/Research/STARTS/commonsCollection/workingDir"/>
    <property name="os.arch" value="amd64"/>
    <property name="java.vm.specification.name" value="Java Virtual Machine Specification"/>
    <property name="java.awt.printerjob" value="sun.print.PSPrinterJob"/>
    <property name="sun.os.patch.level" value="unknown"/>
    <property name="java.library.path" value=":/usr/java/packages/lib/amd64:/usr/lib64:/lib64:/lib:/usr/lib"/>
    <property name="java.vm.info" value="mixed mode"/>
    <property name="java.vendor" value="Oracle Corporation"/>
    <property name="java.vm.version" value="25.242-b08"/>
    <property name="java.ext.dirs" value="/usr/lib/jvm/java-1.8.0-openjdk-1.8.0.242.b08-0.fc30.x86_64/jre/lib/ext:/usr/java/packages/lib/ext"/>
    <property name="sun.io.unicode.encoding" value="UnicodeLittle"/>
    <property name="java.class.version" value="52.0"/>
  </properties>
  <testcase name="testSet" classname="org.apache.commons.collections4.list.CursorableLinkedListTest" time="0.003"/>
  <testcase name="testEqualsAndHashCode" classname="org.apache.commons.collections4.list.CursorableLinkedListTest" time="0.001"/>
  <testcase name="testRetainAll" classname="org.apache.commons.collections4.list.CursorableLinkedListTest" time="0"/>
  <testcase name="testRemoveAll" classname="org.apache.commons.collections4.list.CursorableLinkedListTest" time="0"/>
  <testcase name="testGet" classname="org.apache.commons.collections4.list.CursorableLinkedListTest" time="0"/>
  <testcase name="testIndexOf" classname="org.apache.commons.collections4.list.CursorableLinkedListTest" time="0"/>
  <testcase name="testContains" classname="org.apache.commons.collections4.list.CursorableLinkedListTest" time="0"/>
  <testcase name="testContainsAll" classname="org.apache.commons.collections4.list.CursorableLinkedListTest" time="0"/>
  <testcase name="testAdd" classname="org.apache.commons.collections4.list.CursorableLinkedListTest" time="0"/>
  <testcase name="testListIteratorAdd" classname="org.apache.commons.collections4.list.CursorableLinkedListTest" time="0.001"/>
  <testcase name="testListIteratorSet" classname="org.apache.commons.collections4.list.CursorableLinkedListTest" time="0"/>
  <testcase name="testRemove" classname="org.apache.commons.collections4.list.CursorableLinkedListTest" time="0"/>
  <testcase name="testIterator" classname="org.apache.commons.collections4.list.CursorableLinkedListTest" time="0"/>
  <testcase name="testClear" classname="org.apache.commons.collections4.list.CursorableLinkedListTest" time="0.004"/>
  <testcase name="testIsEmpty" classname="org.apache.commons.collections4.list.CursorableLinkedListTest" time="0"/>
  <testcase name="testRemoveByIndex" classname="org.apache.commons.collections4.list.CursorableLinkedListTest" time="0"/>
  <testcase name="testToArray" classname="org.apache.commons.collections4.list.CursorableLinkedListTest" time="0"/>
  <testcase name="testCursorAdd" classname="org.apache.commons.collections4.list.CursorableLinkedListTest" time="0"/>
  <testcase name="testSubList" classname="org.apache.commons.collections4.list.CursorableLinkedListTest" time="0.001"/>
  <testcase name="testCursorRemove" classname="org.apache.commons.collections4.list.CursorableLinkedListTest" time="0.001"/>
  <testcase name="testCursorSet" classname="org.apache.commons.collections4.list.CursorableLinkedListTest" time="0"/>
  <testcase name="testCursorNavigation" classname="org.apache.commons.collections4.list.CursorableLinkedListTest" time="0"/>
  <testcase name="testInternalState_CursorNextRemoveIndex1ByList" classname="org.apache.commons.collections4.list.CursorableLinkedListTest" time="0"/>
  <testcase name="testCursorConcurrentModification" classname="org.apache.commons.collections4.list.CursorableLinkedListTest" time="0"/>
  <testcase name="testCursorNextIndexMid" classname="org.apache.commons.collections4.list.CursorableLinkedListTest" time="0"/>
  <testcase name="testCursorNextIndexFirst" classname="org.apache.commons.collections4.list.CursorableLinkedListTest" time="0"/>
  <testcase name="testCursorNextIndexAddBefore" classname="org.apache.commons.collections4.list.CursorableLinkedListTest" time="0"/>
  <testcase name="testCursorNextIndexAddNext" classname="org.apache.commons.collections4.list.CursorableLinkedListTest" time="0"/>
  <testcase name="testCursorNextIndexAddAfter" classname="org.apache.commons.collections4.list.CursorableLinkedListTest" time="0"/>
  <testcase name="testInternalState_CursorNextNextPreviousRemoveIndex1ByList" classname="org.apache.commons.collections4.list.CursorableLinkedListTest" time="0"/>
  <testcase name="testInternalState_CursorNextNextRemoveIndex1ByList" classname="org.apache.commons.collections4.list.CursorableLinkedListTest" time="0"/>
  <testcase name="testInternalState_CursorNextNextNextRemoveIndex1ByList" classname="org.apache.commons.collections4.list.CursorableLinkedListTest" time="0"/>
  <testcase name="testInternalState_CursorNextNextPreviousRemoveByIterator" classname="org.apache.commons.collections4.list.CursorableLinkedListTest" time="0"/>
  <testcase name="testInternalState_CursorNextNextRemoveByIterator" classname="org.apache.commons.collections4.list.CursorableLinkedListTest" time="0"/>
  <testcase name="testInternalState_CursorNextNextPreviousAddIndex1ByList" classname="org.apache.commons.collections4.list.CursorableLinkedListTest" time="0"/>
  <testcase name="testInternalState_CursorNextAddIndex1ByList" classname="org.apache.commons.collections4.list.CursorableLinkedListTest" time="0"/>
  <testcase name="testInternalState_CursorNextNextAddIndex1ByList" classname="org.apache.commons.collections4.list.CursorableLinkedListTest" time="0"/>
  <testcase name="testInternalState_CursorNextNextPreviousAddByIterator" classname="org.apache.commons.collections4.list.CursorableLinkedListTest" time="0"/>
  <testcase name="testInternalState_CursorNextNextAddByIterator" classname="org.apache.commons.collections4.list.CursorableLinkedListTest" time="0"/>
  <testcase name="testInternalState_CursorNextNextRemoveByListSetByIterator" classname="org.apache.commons.collections4.list.CursorableLinkedListTest" time="0"/>
  <testcase name="testInternalState_CursorNextNextPreviousSetByIterator" classname="org.apache.commons.collections4.list.CursorableLinkedListTest" time="0"/>
  <testcase name="testInternalState_CursorNextNextSetByIterator" classname="org.apache.commons.collections4.list.CursorableLinkedListTest" time="0"/>
  <testcase name="testListIteratorNavigation" classname="org.apache.commons.collections4.list.CursorableLinkedListTest" time="0"/>
  <testcase name="testListIteratorRemove" classname="org.apache.commons.collections4.list.CursorableLinkedListTest" time="0"/>
  <testcase name="testSubListAddEnd" classname="org.apache.commons.collections4.list.CursorableLinkedListTest" time="0.001"/>
  <testcase name="testSubListAddBegin" classname="org.apache.commons.collections4.list.CursorableLinkedListTest" time="0"/>
  <testcase name="testSubListAddMiddle" classname="org.apache.commons.collections4.list.CursorableLinkedListTest" time="0"/>
  <testcase name="testSubListRemove" classname="org.apache.commons.collections4.list.CursorableLinkedListTest" time="0"/>
  <testcase name="testSerialization" classname="org.apache.commons.collections4.list.CursorableLinkedListTest" time="0.001"/>
  <testcase name="testSerializationWithOpenCursor" classname="org.apache.commons.collections4.list.CursorableLinkedListTest" time="0"/>
  <testcase name="testLongSerialization" classname="org.apache.commons.collections4.list.CursorableLinkedListTest" time="0.028"/>
  <testcase name="testRemoveLast" classname="org.apache.commons.collections4.list.CursorableLinkedListTest" time="0"/>
  <testcase name="testRemoveFirst" classname="org.apache.commons.collections4.list.CursorableLinkedListTest" time="0"/>
  <testcase name="testAddNodeAfter" classname="org.apache.commons.collections4.list.CursorableLinkedListTest" time="0"/>
  <testcase name="testRemoveNode" classname="org.apache.commons.collections4.list.CursorableLinkedListTest" time="0"/>
  <testcase name="testGetNode" classname="org.apache.commons.collections4.list.CursorableLinkedListTest" time="0.001"/>
  <testcase name="testListAddByIndexBoundsChecking" classname="org.apache.commons.collections4.list.CursorableLinkedListTest" time="0"/>
  <testcase name="testListAddByIndexBoundsChecking2" classname="org.apache.commons.collections4.list.CursorableLinkedListTest" time="0"/>
  <testcase name="testListAddByIndex" classname="org.apache.commons.collections4.list.CursorableLinkedListTest" time="0.001"/>
  <testcase name="testListEquals" classname="org.apache.commons.collections4.list.CursorableLinkedListTest" time="0"/>
  <testcase name="testListHashCode" classname="org.apache.commons.collections4.list.CursorableLinkedListTest" time="0"/>
  <testcase name="testListGetByIndex" classname="org.apache.commons.collections4.list.CursorableLinkedListTest" time="0.001"/>
  <testcase name="testListGetByIndexBoundsChecking" classname="org.apache.commons.collections4.list.CursorableLinkedListTest" time="0"/>
  <testcase name="testListGetByIndexBoundsChecking2" classname="org.apache.commons.collections4.list.CursorableLinkedListTest" time="0"/>
  <testcase name="testListIndexOf" classname="org.apache.commons.collections4.list.CursorableLinkedListTest" time="0.001"/>
  <testcase name="testListLastIndexOf" classname="org.apache.commons.collections4.list.CursorableLinkedListTest" time="0.001"/>
  <testcase name="testListSetByIndexBoundsChecking" classname="org.apache.commons.collections4.list.CursorableLinkedListTest" time="0"/>
  <testcase name="testListSetByIndexBoundsChecking2" classname="org.apache.commons.collections4.list.CursorableLinkedListTest" time="0"/>
  <testcase name="testListSetByIndex" classname="org.apache.commons.collections4.list.CursorableLinkedListTest" time="0.001"/>
  <testcase name="testUnsupportedSet" classname="org.apache.commons.collections4.list.CursorableLinkedListTest" time="0"/>
  <testcase name="testListRemoveByIndexBoundsChecking" classname="org.apache.commons.collections4.list.CursorableLinkedListTest" time="0"/>
  <testcase name="testListRemoveByIndexBoundsChecking2" classname="org.apache.commons.collections4.list.CursorableLinkedListTest" time="0"/>
  <testcase name="testListRemoveByIndex" classname="org.apache.commons.collections4.list.CursorableLinkedListTest" time="0"/>
  <testcase name="testListListIterator" classname="org.apache.commons.collections4.list.CursorableLinkedListTest" time="0"/>
  <testcase name="testListListIteratorByIndex" classname="org.apache.commons.collections4.list.CursorableLinkedListTest" time="0.002"/>
  <testcase name="testListListIteratorPreviousRemoveNext" classname="org.apache.commons.collections4.list.CursorableLinkedListTest" time="0"/>
  <testcase name="testListListIteratorPreviousRemovePrevious" classname="org.apache.commons.collections4.list.CursorableLinkedListTest" time="0"/>
  <testcase name="testListListIteratorNextRemoveNext" classname="org.apache.commons.collections4.list.CursorableLinkedListTest" time="0"/>
  <testcase name="testListListIteratorNextRemovePrevious" classname="org.apache.commons.collections4.list.CursorableLinkedListTest" time="0"/>
  <testcase name="testEmptyListSerialization" classname="org.apache.commons.collections4.list.CursorableLinkedListTest" time="0"/>
  <testcase name="testFullListSerialization" classname="org.apache.commons.collections4.list.CursorableLinkedListTest" time="0"/>
  <testcase name="testEmptyListCompatibility" classname="org.apache.commons.collections4.list.CursorableLinkedListTest" time="0.001"/>
  <testcase name="testFullListCompatibility" classname="org.apache.commons.collections4.list.CursorableLinkedListTest" time="0"/>
  <testcase name="testListAddByIndexBoundsChecking" classname="org.apache.commons.collections4.list.AbstractListTest$BulkTestSubList" time="0"/>
  <testcase name="testListAddByIndexBoundsChecking2" classname="org.apache.commons.collections4.list.AbstractListTest$BulkTestSubList" time="0"/>
  <testcase name="testListAddByIndex" classname="org.apache.commons.collections4.list.AbstractListTest$BulkTestSubList" time="0.002"/>
  <testcase name="testListEquals" classname="org.apache.commons.collections4.list.AbstractListTest$BulkTestSubList" time="0"/>
  <testcase name="testListHashCode" classname="org.apache.commons.collections4.list.AbstractListTest$BulkTestSubList" time="0"/>
  <testcase name="testListGetByIndex" classname="org.apache.commons.collections4.list.AbstractListTest$BulkTestSubList" time="0.001"/>
  <testcase name="testListGetByIndexBoundsChecking" classname="org.apache.commons.collections4.list.AbstractListTest$BulkTestSubList" time="0"/>
  <testcase name="testListGetByIndexBoundsChecking2" classname="org.apache.commons.collections4.list.AbstractListTest$BulkTestSubList" time="0"/>
  <testcase name="testListIndexOf" classname="org.apache.commons.collections4.list.AbstractListTest$BulkTestSubList" time="0.002"/>
  <testcase name="testListLastIndexOf" classname="org.apache.commons.collections4.list.AbstractListTest$BulkTestSubList" time="0.001"/>
  <testcase name="testListSetByIndexBoundsChecking" classname="org.apache.commons.collections4.list.AbstractListTest$BulkTestSubList" time="0"/>
  <testcase name="testListSetByIndexBoundsChecking2" classname="org.apache.commons.collections4.list.AbstractListTest$BulkTestSubList" time="0"/>
  <testcase name="testListSetByIndex" classname="org.apache.commons.collections4.list.AbstractListTest$BulkTestSubList" time="0.001"/>
  <testcase name="testUnsupportedSet" classname="org.apache.commons.collections4.list.AbstractListTest$BulkTestSubList" time="0"/>
  <testcase name="testListRemoveByIndexBoundsChecking" classname="org.apache.commons.collections4.list.AbstractListTest$BulkTestSubList" time="0"/>
  <testcase name="testListRemoveByIndexBoundsChecking2" classname="org.apache.commons.collections4.list.AbstractListTest$BulkTestSubList" time="0"/>
  <testcase name="testListRemoveByIndex" classname="org.apache.commons.collections4.list.AbstractListTest$BulkTestSubList" time="0.001"/>
  <testcase name="testListListIterator" classname="org.apache.commons.collections4.list.AbstractListTest$BulkTestSubList" time="0"/>
  <testcase name="testListListIteratorByIndex" classname="org.apache.commons.collections4.list.AbstractListTest$BulkTestSubList" time="0"/>
  <testcase name="testListListIteratorPreviousRemoveNext" classname="org.apache.commons.collections4.list.AbstractListTest$BulkTestSubList" time="0"/>
  <testcase name="testListListIteratorPreviousRemovePrevious" classname="org.apache.commons.collections4.list.AbstractListTest$BulkTestSubList" time="0.001"/>
  <testcase name="testListListIteratorNextRemoveNext" classname="org.apache.commons.collections4.list.AbstractListTest$BulkTestSubList" time="0"/>
  <testcase name="testListListIteratorNextRemovePrevious" classname="org.apache.commons.collections4.list.AbstractListTest$BulkTestSubList" time="0"/>
  <testcase name="testListIteratorAdd" classname="org.apache.commons.collections4.list.AbstractListTest$BulkTestSubList" time="0.001"/>
  <testcase name="testListIteratorSet" classname="org.apache.commons.collections4.list.AbstractListTest$BulkTestSubList" time="0.001"/>
  <testcase name="testListSubListFailFastOnAdd" classname="org.apache.commons.collections4.list.AbstractListTest$BulkTestSubList" time="0"/>
  <testcase name="testListSubListFailFastOnRemove" classname="org.apache.commons.collections4.list.AbstractListTest$BulkTestSubList" time="0"/>
  <testcase name="testSet" classname="org.apache.commons.collections4.list.AbstractListTest$TestListIterator" time="0"/>
  <testcase name="testSet" classname="org.apache.commons.collections4.list.AbstractListTest$TestListIterator" time="0"/>
  <testcase name="testEmptyListIteratorIsIndeedEmpty" classname="org.apache.commons.collections4.list.AbstractListTest$TestListIterator" time="0"/>
  <testcase name="testEmptyListIteratorIsIndeedEmpty" classname="org.apache.commons.collections4.list.AbstractListTest$TestListIterator" time="0"/>
  <testcase name="testWalkForwardAndBack" classname="org.apache.commons.collections4.list.AbstractListTest$TestListIterator" time="0"/>
  <testcase name="testWalkForwardAndBack" classname="org.apache.commons.collections4.list.AbstractListTest$TestListIterator" time="0.001"/>
  <testcase name="testAdd" classname="org.apache.commons.collections4.list.AbstractListTest$TestListIterator" time="0"/>
  <testcase name="testAdd" classname="org.apache.commons.collections4.list.AbstractListTest$TestListIterator" time="0"/>
  <testcase name="testRemoveThenSet" classname="org.apache.commons.collections4.list.AbstractListTest$TestListIterator" time="0"/>
  <testcase name="testRemoveThenSet" classname="org.apache.commons.collections4.list.AbstractListTest$TestListIterator" time="0"/>
  <testcase name="testAddThenSet" classname="org.apache.commons.collections4.list.AbstractListTest$TestListIterator" time="0"/>
  <testcase name="testAddThenSet" classname="org.apache.commons.collections4.list.AbstractListTest$TestListIterator" time="0"/>
  <testcase name="testAddThenRemove" classname="org.apache.commons.collections4.list.AbstractListTest$TestListIterator" time="0"/>
  <testcase name="testAddThenRemove" classname="org.apache.commons.collections4.list.AbstractListTest$TestListIterator" time="0"/>
  <testcase name="testFullIterator" classname="org.apache.commons.collections4.list.AbstractListTest$TestListIterator" time="0"/>
  <testcase name="testFullIterator" classname="org.apache.commons.collections4.list.AbstractListTest$TestListIterator" time="0"/>
  <testcase name="testEmptyIterator" classname="org.apache.commons.collections4.list.AbstractListTest$TestListIterator" time="0"/>
  <testcase name="testEmptyIterator" classname="org.apache.commons.collections4.list.AbstractListTest$TestListIterator" time="0"/>
  <testcase name="testRemove" classname="org.apache.commons.collections4.list.AbstractListTest$TestListIterator" time="0"/>
  <testcase name="testRemove" classname="org.apache.commons.collections4.list.AbstractListTest$TestListIterator" time="0"/>
  <testcase name="testEqualsNull" classname="org.apache.commons.collections4.list.AbstractListTest$TestListIterator" time="0"/>
  <testcase name="testEqualsNull" classname="org.apache.commons.collections4.list.AbstractListTest$TestListIterator" time="0"/>
  <testcase name="testObjectEqualsSelf" classname="org.apache.commons.collections4.list.AbstractListTest$TestListIterator" time="0"/>
  <testcase name="testObjectEqualsSelf" classname="org.apache.commons.collections4.list.AbstractListTest$TestListIterator" time="0.001"/>
  <testcase name="testObjectHashCodeEqualsSelfHashCode" classname="org.apache.commons.collections4.list.AbstractListTest$TestListIterator" time="0"/>
  <testcase name="testObjectHashCodeEqualsSelfHashCode" classname="org.apache.commons.collections4.list.AbstractListTest$TestListIterator" time="0"/>
  <testcase name="testObjectHashCodeEqualsContract" classname="org.apache.commons.collections4.list.AbstractListTest$TestListIterator" time="0"/>
  <testcase name="testObjectHashCodeEqualsContract" classname="org.apache.commons.collections4.list.AbstractListTest$TestListIterator" time="0"/>
  <testcase name="testSerializeDeserializeThenCompare" classname="org.apache.commons.collections4.list.AbstractListTest$TestListIterator" time="0"/>
  <testcase name="testSerializeDeserializeThenCompare" classname="org.apache.commons.collections4.list.AbstractListTest$TestListIterator" time="0"/>
  <testcase name="testSimpleSerialization" classname="org.apache.commons.collections4.list.AbstractListTest$TestListIterator" time="0"/>
  <testcase name="testSimpleSerialization" classname="org.apache.commons.collections4.list.AbstractListTest$TestListIterator" time="0"/>
  <testcase name="testCanonicalEmptyCollectionExists" classname="org.apache.commons.collections4.list.AbstractListTest$TestListIterator" time="0"/>
  <testcase name="testCanonicalEmptyCollectionExists" classname="org.apache.commons.collections4.list.AbstractListTest$TestListIterator" time="0"/>
  <testcase name="testCanonicalFullCollectionExists" classname="org.apache.commons.collections4.list.AbstractListTest$TestListIterator" time="0"/>
  <testcase name="testCanonicalFullCollectionExists" classname="org.apache.commons.collections4.list.AbstractListTest$TestListIterator" time="0"/>
  <testcase name="testCollectionAdd" classname="org.apache.commons.collections4.list.AbstractListTest$BulkTestSubList" time="0.001"/>
  <testcase name="testCollectionAddAll" classname="org.apache.commons.collections4.list.AbstractListTest$BulkTestSubList" time="0"/>
  <testcase name="testUnsupportedAdd" classname="org.apache.commons.collections4.list.AbstractListTest$BulkTestSubList" time="0"/>
  <testcase name="testCollectionClear" classname="org.apache.commons.collections4.list.AbstractListTest$BulkTestSubList" time="0"/>
  <testcase name="testCollectionContains" classname="org.apache.commons.collections4.list.AbstractListTest$BulkTestSubList" time="0"/>
  <testcase name="testCollectionContainsAll" classname="org.apache.commons.collections4.list.AbstractListTest$BulkTestSubList" time="0.001"/>
  <testcase name="testCollectionIsEmpty" classname="org.apache.commons.collections4.list.AbstractListTest$BulkTestSubList" time="0"/>
  <testcase name="testCollectionIterator" classname="org.apache.commons.collections4.list.AbstractListTest$BulkTestSubList" time="0"/>
  <testcase name="testCollectionIteratorRemove" classname="org.apache.commons.collections4.list.AbstractListTest$BulkTestSubList" time="0"/>
  <testcase name="testCollectionRemove" classname="org.apache.commons.collections4.list.AbstractListTest$BulkTestSubList" time="0.001"/>
  <testcase name="testCollectionRemoveAll" classname="org.apache.commons.collections4.list.AbstractListTest$BulkTestSubList" time="0"/>
  <testcase name="testCollectionRemoveIf" classname="org.apache.commons.collections4.list.AbstractListTest$BulkTestSubList" time="0"/>
  <testcase name="testCollectionRetainAll" classname="org.apache.commons.collections4.list.AbstractListTest$BulkTestSubList" time="0"/>
  <testcase name="testCollectionSize" classname="org.apache.commons.collections4.list.AbstractListTest$BulkTestSubList" time="0"/>
  <testcase name="testCollectionToArray" classname="org.apache.commons.collections4.list.AbstractListTest$BulkTestSubList" time="0"/>
  <testcase name="testCollectionToArray2" classname="org.apache.commons.collections4.list.AbstractListTest$BulkTestSubList" time="0"/>
  <testcase name="testCollectionToString" classname="org.apache.commons.collections4.list.AbstractListTest$BulkTestSubList" time="0"/>
  <testcase name="testUnsupportedRemove" classname="org.apache.commons.collections4.list.AbstractListTest$BulkTestSubList" time="0"/>
  <testcase name="testCollectionIteratorFailFast" classname="org.apache.commons.collections4.list.AbstractListTest$BulkTestSubList" time="0"/>
  <testcase name="testEqualsNull" classname="org.apache.commons.collections4.list.AbstractListTest$BulkTestSubList" time="0"/>
  <testcase name="testObjectEqualsSelf" classname="org.apache.commons.collections4.list.AbstractListTest$BulkTestSubList" time="0"/>
  <testcase name="testObjectHashCodeEqualsSelfHashCode" classname="org.apache.commons.collections4.list.AbstractListTest$BulkTestSubList" time="0"/>
  <testcase name="testObjectHashCodeEqualsContract" classname="org.apache.commons.collections4.list.AbstractListTest$BulkTestSubList" time="0"/>
  <testcase name="testListSubListFailFastOnAdd" classname="org.apache.commons.collections4.list.CursorableLinkedListTest" time="0"/>
  <testcase name="testListSubListFailFastOnRemove" classname="org.apache.commons.collections4.list.CursorableLinkedListTest" time="0"/>
  <testcase name="testSerializeDeserializeThenCompare" classname="org.apache.commons.collections4.list.CursorableLinkedListTest" time="0"/>
  <testcase name="testCollectionAdd" classname="org.apache.commons.collections4.list.CursorableLinkedListTest" time="0.001"/>
  <testcase name="testCollectionAddAll" classname="org.apache.commons.collections4.list.CursorableLinkedListTest" time="0"/>
  <testcase name="testUnsupportedAdd" classname="org.apache.commons.collections4.list.CursorableLinkedListTest" time="0"/>
  <testcase name="testCollectionClear" classname="org.apache.commons.collections4.list.CursorableLinkedListTest" time="0"/>
  <testcase name="testCollectionContains" classname="org.apache.commons.collections4.list.CursorableLinkedListTest" time="0"/>
  <testcase name="testCollectionContainsAll" classname="org.apache.commons.collections4.list.CursorableLinkedListTest" time="0.001"/>
  <testcase name="testCollectionIsEmpty" classname="org.apache.commons.collections4.list.CursorableLinkedListTest" time="0"/>
  <testcase name="testCollectionIterator" classname="org.apache.commons.collections4.list.CursorableLinkedListTest" time="0"/>
  <testcase name="testCollectionIteratorRemove" classname="org.apache.commons.collections4.list.CursorableLinkedListTest" time="0"/>
  <testcase name="testCollectionRemove" classname="org.apache.commons.collections4.list.CursorableLinkedListTest" time="0.001"/>
  <testcase name="testCollectionRemoveAll" classname="org.apache.commons.collections4.list.CursorableLinkedListTest" time="0"/>
  <testcase name="testCollectionRemoveIf" classname="org.apache.commons.collections4.list.CursorableLinkedListTest" time="0"/>
  <testcase name="testCollectionRetainAll" classname="org.apache.commons.collections4.list.CursorableLinkedListTest" time="0"/>
  <testcase name="testCollectionSize" classname="org.apache.commons.collections4.list.CursorableLinkedListTest" time="0"/>
  <testcase name="testCollectionToArray" classname="org.apache.commons.collections4.list.CursorableLinkedListTest" time="0"/>
  <testcase name="testCollectionToArray2" classname="org.apache.commons.collections4.list.CursorableLinkedListTest" time="0"/>
  <testcase name="testCollectionToString" classname="org.apache.commons.collections4.list.CursorableLinkedListTest" time="0"/>
  <testcase name="testUnsupportedRemove" classname="org.apache.commons.collections4.list.CursorableLinkedListTest" time="0"/>
  <testcase name="testCollectionIteratorFailFast" classname="org.apache.commons.collections4.list.CursorableLinkedListTest" time="0.001"/>
  <testcase name="testEqualsNull" classname="org.apache.commons.collections4.list.CursorableLinkedListTest" time="0"/>
  <testcase name="testObjectEqualsSelf" classname="org.apache.commons.collections4.list.CursorableLinkedListTest" time="0"/>
  <testcase name="testObjectHashCodeEqualsSelfHashCode" classname="org.apache.commons.collections4.list.CursorableLinkedListTest" time="0"/>
  <testcase name="testObjectHashCodeEqualsContract" classname="org.apache.commons.collections4.list.CursorableLinkedListTest" time="0"/>
  <testcase name="testSimpleSerialization" classname="org.apache.commons.collections4.list.CursorableLinkedListTest" time="0"/>
  <testcase name="testCanonicalEmptyCollectionExists" classname="org.apache.commons.collections4.list.CursorableLinkedListTest" time="0"/>
  <testcase name="testCanonicalFullCollectionExists" classname="org.apache.commons.collections4.list.CursorableLinkedListTest" time="0"/>
</testsuite>