<?xml version="1.0" encoding="UTF-8"?>
<testsuite xmlns:xsi="http://www.w3.org/2001/XMLSchema-instance" xsi:noNamespaceSchemaLocation="https://maven.apache.org/surefire/maven-surefire-plugin/xsd/surefire-test-report.xsd" name="org.apache.commons.collections4.multimap.HashSetValuedHashMapTest" time="0.077" tests="345" errors="0" skipped="0" failures="0">
  <properties>
    <property name="awt.toolkit" value="sun.awt.X11.XToolkit"/>
    <property name="file.encoding.pkg" value="sun.io"/>
    <property name="java.specification.version" value="1.8"/>
    <property name="sun.cpu.isalist" value=""/>
    <property name="sun.jnu.encoding" value="UTF-8"/>
    <property name="java.class.path" value="/s/smith/b/nobackup/mkshin/Spring2020/Research/STARTS/commonsCollection/workingDir/target/test-classes:/s/smith/b/nobackup/mkshin/Spring2020/Research/STARTS/commonsCollection/workingDir/target/classes:/s/chopin/a/grad/mkshin/.m2/repository/junit/junit/4.12/junit-4.12.jar:/s/chopin/a/grad/mkshin/.m2/repository/org/hamcrest/hamcrest-core/1.3/hamcrest-core-1.3.jar:/s/chopin/a/grad/mkshin/.m2/repository/org/easymock/easymock/4.1/easymock-4.1.jar:/s/chopin/a/grad/mkshin/.m2/repository/org/objenesis/objenesis/3.1/objenesis-3.1.jar:/s/chopin/a/grad/mkshin/.m2/repository/org/apache/commons/commons-lang3/3.9/commons-lang3-3.9.jar:"/>
    <property name="java.vm.vendor" value="Oracle Corporation"/>
    <property name="sun.arch.data.model" value="64"/>
    <property name="java.vendor.url" value="http://java.oracle.com/"/>
    <property name="user.timezone" value=""/>
    <property name="java.vm.specification.version" value="1.8"/>
    <property name="os.name" value="Linux"/>
    <property name="rat.skip" value="true"/>
    <property name="user.country" value="US"/>
    <property name="sun.java.launcher" value="SUN_STANDARD"/>
    <property name="sun.boot.library.path" value="/usr/lib/jvm/java-1.8.0-openjdk-1.8.0.242.b08-0.fc30.x86_64/jre/lib/amd64"/>
    <property name="sun.java.command" value="/s/smith/b/nobackup/mkshin/Spring2020/Research/STARTS/commonsCollection/workingDir/target/surefire/surefirebooter2720392341705343293.jar /s/smith/b/nobackup/mkshin/Spring2020/Research/STARTS/commonsCollection/workingDir/target/surefire 2020-05-18T21-42-58_066-jvmRun1 surefire6255933902418251752tmp surefire_08008814663591953470tmp"/>
    <property name="surefire.test.class.path" value="/s/smith/b/nobackup/mkshin/Spring2020/Research/STARTS/commonsCollection/workingDir/target/test-classes:/s/smith/b/nobackup/mkshin/Spring2020/Research/STARTS/commonsCollection/workingDir/target/classes:/s/chopin/a/grad/mkshin/.m2/repository/junit/junit/4.12/junit-4.12.jar:/s/chopin/a/grad/mkshin/.m2/repository/org/hamcrest/hamcrest-core/1.3/hamcrest-core-1.3.jar:/s/chopin/a/grad/mkshin/.m2/repository/org/easymock/easymock/4.1/easymock-4.1.jar:/s/chopin/a/grad/mkshin/.m2/repository/org/objenesis/objenesis/3.1/objenesis-3.1.jar:/s/chopin/a/grad/mkshin/.m2/repository/org/apache/commons/commons-lang3/3.9/commons-lang3-3.9.jar:"/>
    <property name="sun.cpu.endian" value="little"/>
    <property name="user.home" value="/s/chopin/a/grad/mkshin"/>
    <property name="user.language" value="en"/>
    <property name="java.specification.vendor" value="Oracle Corporation"/>
    <property name="java.home" value="/usr/lib/jvm/java-1.8.0-openjdk-1.8.0.242.b08-0.fc30.x86_64/jre"/>
    <property name="basedir" value="/s/smith/b/nobackup/mkshin/Spring2020/Research/STARTS/commonsCollection/workingDir"/>
    <property name="file.separator" value="/"/>
    <property name="line.separator" value="&#10;"/>
    <property name="java.vm.specification.vendor" value="Oracle Corporation"/>
    <property name="java.specification.name" value="Java Platform API Specification"/>
    <property name="java.awt.graphicsenv" value="sun.awt.X11GraphicsEnvironment"/>
    <property name="surefire.real.class.path" value="/s/smith/b/nobackup/mkshin/Spring2020/Research/STARTS/commonsCollection/workingDir/target/surefire/surefirebooter2720392341705343293.jar:/s/chopin/a/grad/mkshin/.m2/repository/org/jacoco/org.jacoco.agent/0.8.4/org.jacoco.agent-0.8.4-runtime.jar"/>
    <property name="sun.boot.class.path" value="/usr/lib/jvm/java-1.8.0-openjdk-1.8.0.242.b08-0.fc30.x86_64/jre/lib/resources.jar:/usr/lib/jvm/java-1.8.0-openjdk-1.8.0.242.b08-0.fc30.x86_64/jre/lib/rt.jar:/usr/lib/jvm/java-1.8.0-openjdk-1.8.0.242.b08-0.fc30.x86_64/jre/lib/sunrsasign.jar:/usr/lib/jvm/java-1.8.0-openjdk-1.8.0.242.b08-0.fc30.x86_64/jre/lib/jsse.jar:/usr/lib/jvm/java-1.8.0-openjdk-1.8.0.242.b08-0.fc30.x86_64/jre/lib/jce.jar:/usr/lib/jvm/java-1.8.0-openjdk-1.8.0.242.b08-0.fc30.x86_64/jre/lib/charsets.jar:/usr/lib/jvm/java-1.8.0-openjdk-1.8.0.242.b08-0.fc30.x86_64/jre/lib/jfr.jar:/usr/lib/jvm/java-1.8.0-openjdk-1.8.0.242.b08-0.fc30.x86_64/jre/classes"/>
    <property name="sun.management.compiler" value="HotSpot 64-Bit Tiered Compilers"/>
    <property name="java.runtime.version" value="1.8.0_242-b08"/>
    <property name="user.name" value="mkshin"/>
    <property name="path.separator" value=":"/>
    <property name="os.version" value="5.5.10-100.fc30.x86_64"/>
    <property name="java.endorsed.dirs" value="/usr/lib/jvm/java-1.8.0-openjdk-1.8.0.242.b08-0.fc30.x86_64/jre/lib/endorsed"/>
    <property name="java.runtime.name" value="OpenJDK Runtime Environment"/>
    <property name="file.encoding" value="UTF-8"/>
    <property name="java.vm.name" value="OpenJDK 64-Bit Server VM"/>
    <property name="localRepository" value="/s/chopin/a/grad/mkshin/.m2/repository"/>
    <property name="java.vendor.url.bug" value="http://bugreport.sun.com/bugreport/"/>
    <property name="java.io.tmpdir" value="/tmp"/>
    <property name="java.version" value="1.8.0_242"/>
    <property name="user.dir" value="/s/smith/b/nobackup/mkshin/Spring2020/Research/STARTS/commonsCollection/workingDir"/>
    <property name="os.arch" value="amd64"/>
    <property name="java.vm.specification.name" value="Java Virtual Machine Specification"/>
    <property name="java.awt.printerjob" value="sun.print.PSPrinterJob"/>
    <property name="sun.os.patch.level" value="unknown"/>
    <property name="java.library.path" value=":/usr/java/packages/lib/amd64:/usr/lib64:/lib64:/lib:/usr/lib"/>
    <property name="java.vm.info" value="mixed mode"/>
    <property name="java.vendor" value="Oracle Corporation"/>
    <property name="java.vm.version" value="25.242-b08"/>
    <property name="java.ext.dirs" value="/usr/lib/jvm/java-1.8.0-openjdk-1.8.0.242.b08-0.fc30.x86_64/jre/lib/ext:/usr/java/packages/lib/ext"/>
    <property name="sun.io.unicode.encoding" value="UnicodeLittle"/>
    <property name="java.class.version" value="52.0"/>
  </properties>
  <testcase name="testSetValuedMapAdd" classname="org.apache.commons.collections4.multimap.HashSetValuedHashMapTest" time="0"/>
  <testcase name="testSetValuedMapRemove" classname="org.apache.commons.collections4.multimap.HashSetValuedHashMapTest" time="0"/>
  <testcase name="testSetValuedMapRemoveViaIterator" classname="org.apache.commons.collections4.multimap.HashSetValuedHashMapTest" time="0"/>
  <testcase name="testSetValuedMapEqualsHashCodeContract" classname="org.apache.commons.collections4.multimap.HashSetValuedHashMapTest" time="0"/>
  <testcase name="testHashSetValueHashMap" classname="org.apache.commons.collections4.multimap.HashSetValuedHashMapTest" time="0"/>
  <testcase name="testHashSetValueHashMap_1" classname="org.apache.commons.collections4.multimap.HashSetValuedHashMapTest" time="0"/>
  <testcase name="testHashSetValuedHashMap_2" classname="org.apache.commons.collections4.multimap.HashSetValuedHashMapTest" time="0"/>
  <testcase name="testSize" classname="org.apache.commons.collections4.multimap.HashSetValuedHashMapTest" time="0"/>
  <testcase name="testNoMappingReturnsEmptyCol" classname="org.apache.commons.collections4.multimap.HashSetValuedHashMapTest" time="0"/>
  <testcase name="testMultipleValues" classname="org.apache.commons.collections4.multimap.HashSetValuedHashMapTest" time="0"/>
  <testcase name="testGet" classname="org.apache.commons.collections4.multimap.HashSetValuedHashMapTest" time="0"/>
  <testcase name="testAddMappingThroughGet" classname="org.apache.commons.collections4.multimap.HashSetValuedHashMapTest" time="0"/>
  <testcase name="testRemoveMappingThroughGet" classname="org.apache.commons.collections4.multimap.HashSetValuedHashMapTest" time="0"/>
  <testcase name="testRemoveMappingThroughGetIterator" classname="org.apache.commons.collections4.multimap.HashSetValuedHashMapTest" time="0"/>
  <testcase name="testContainsValue" classname="org.apache.commons.collections4.multimap.HashSetValuedHashMapTest" time="0"/>
  <testcase name="testKeyContainsValue" classname="org.apache.commons.collections4.multimap.HashSetValuedHashMapTest" time="0"/>
  <testcase name="testValues" classname="org.apache.commons.collections4.multimap.HashSetValuedHashMapTest" time="0"/>
  <testcase name="testRemoveAllViaValuesIterator" classname="org.apache.commons.collections4.multimap.HashSetValuedHashMapTest" time="0"/>
  <testcase name="testRemoveViaValuesRemove" classname="org.apache.commons.collections4.multimap.HashSetValuedHashMapTest" time="0"/>
  <testcase name="testEntriesCollectionIterator" classname="org.apache.commons.collections4.multimap.HashSetValuedHashMapTest" time="0"/>
  <testcase name="testRemoveAllViaEntriesIterator" classname="org.apache.commons.collections4.multimap.HashSetValuedHashMapTest" time="0"/>
  <testcase name="testMapEquals" classname="org.apache.commons.collections4.multimap.HashSetValuedHashMapTest" time="0"/>
  <testcase name="testSizeWithPutRemove" classname="org.apache.commons.collections4.multimap.HashSetValuedHashMapTest" time="0"/>
  <testcase name="testKeySetSize" classname="org.apache.commons.collections4.multimap.HashSetValuedHashMapTest" time="0"/>
  <testcase name="testSize_Key" classname="org.apache.commons.collections4.multimap.HashSetValuedHashMapTest" time="0"/>
  <testcase name="testContainsValue_Key" classname="org.apache.commons.collections4.multimap.HashSetValuedHashMapTest" time="0"/>
  <testcase name="testPutAll_Map1" classname="org.apache.commons.collections4.multimap.HashSetValuedHashMapTest" time="0"/>
  <testcase name="testPutAll_Map2" classname="org.apache.commons.collections4.multimap.HashSetValuedHashMapTest" time="0"/>
  <testcase name="testPutAll_KeyIterable" classname="org.apache.commons.collections4.multimap.HashSetValuedHashMapTest" time="0"/>
  <testcase name="testRemove_KeyItem" classname="org.apache.commons.collections4.multimap.HashSetValuedHashMapTest" time="0"/>
  <testcase name="testToString" classname="org.apache.commons.collections4.multimap.HashSetValuedHashMapTest" time="0"/>
  <testcase name="testKeysMultiSet" classname="org.apache.commons.collections4.multimap.HashSetValuedHashMapTest" time="0"/>
  <testcase name="testKeysBagIterator" classname="org.apache.commons.collections4.multimap.HashSetValuedHashMapTest" time="0"/>
  <testcase name="testKeysBagContainsAll" classname="org.apache.commons.collections4.multimap.HashSetValuedHashMapTest" time="0"/>
  <testcase name="testAsMapGet" classname="org.apache.commons.collections4.multimap.HashSetValuedHashMapTest" time="0.008"/>
  <testcase name="testAsMapRemove" classname="org.apache.commons.collections4.multimap.HashSetValuedHashMapTest" time="0"/>
  <testcase name="testMapIterator" classname="org.apache.commons.collections4.multimap.HashSetValuedHashMapTest" time="0"/>
  <testcase name="testMapIteratorRemove" classname="org.apache.commons.collections4.multimap.HashSetValuedHashMapTest" time="0.001"/>
  <testcase name="testMapIteratorUnsupportedSet" classname="org.apache.commons.collections4.multimap.HashSetValuedHashMapTest" time="0"/>
  <testcase name="testMultiValuedMapIterator" classname="org.apache.commons.collections4.multimap.HashSetValuedHashMapTest" time="0"/>
  <testcase name="testEmptyMapCompatibility" classname="org.apache.commons.collections4.multimap.HashSetValuedHashMapTest" time="0.001"/>
  <testcase name="testFullMapCompatibility" classname="org.apache.commons.collections4.multimap.HashSetValuedHashMapTest" time="0.002"/>
  <testcase name="testSerializeDeserializeThenCompare" classname="org.apache.commons.collections4.multimap.AbstractMultiValuedMapTest$TestMultiValuedMapEntries" time="0"/>
  <testcase name="testCollectionAdd" classname="org.apache.commons.collections4.multimap.AbstractMultiValuedMapTest$TestMultiValuedMapEntries" time="0"/>
  <testcase name="testCollectionAddAll" classname="org.apache.commons.collections4.multimap.AbstractMultiValuedMapTest$TestMultiValuedMapEntries" time="0"/>
  <testcase name="testUnsupportedAdd" classname="org.apache.commons.collections4.multimap.AbstractMultiValuedMapTest$TestMultiValuedMapEntries" time="0"/>
  <testcase name="testCollectionClear" classname="org.apache.commons.collections4.multimap.AbstractMultiValuedMapTest$TestMultiValuedMapEntries" time="0"/>
  <testcase name="testCollectionContains" classname="org.apache.commons.collections4.multimap.AbstractMultiValuedMapTest$TestMultiValuedMapEntries" time="0"/>
  <testcase name="testCollectionContainsAll" classname="org.apache.commons.collections4.multimap.AbstractMultiValuedMapTest$TestMultiValuedMapEntries" time="0"/>
  <testcase name="testCollectionIsEmpty" classname="org.apache.commons.collections4.multimap.AbstractMultiValuedMapTest$TestMultiValuedMapEntries" time="0"/>
  <testcase name="testCollectionIterator" classname="org.apache.commons.collections4.multimap.AbstractMultiValuedMapTest$TestMultiValuedMapEntries" time="0"/>
  <testcase name="testCollectionIteratorRemove" classname="org.apache.commons.collections4.multimap.AbstractMultiValuedMapTest$TestMultiValuedMapEntries" time="0.002"/>
  <testcase name="testCollectionRemove" classname="org.apache.commons.collections4.multimap.AbstractMultiValuedMapTest$TestMultiValuedMapEntries" time="0"/>
  <testcase name="testCollectionRemoveAll" classname="org.apache.commons.collections4.multimap.AbstractMultiValuedMapTest$TestMultiValuedMapEntries" time="0"/>
  <testcase name="testCollectionRemoveIf" classname="org.apache.commons.collections4.multimap.AbstractMultiValuedMapTest$TestMultiValuedMapEntries" time="0"/>
  <testcase name="testCollectionRetainAll" classname="org.apache.commons.collections4.multimap.AbstractMultiValuedMapTest$TestMultiValuedMapEntries" time="0"/>
  <testcase name="testCollectionSize" classname="org.apache.commons.collections4.multimap.AbstractMultiValuedMapTest$TestMultiValuedMapEntries" time="0"/>
  <testcase name="testCollectionToArray" classname="org.apache.commons.collections4.multimap.AbstractMultiValuedMapTest$TestMultiValuedMapEntries" time="0"/>
  <testcase name="testCollectionToArray2" classname="org.apache.commons.collections4.multimap.AbstractMultiValuedMapTest$TestMultiValuedMapEntries" time="0"/>
  <testcase name="testCollectionToString" classname="org.apache.commons.collections4.multimap.AbstractMultiValuedMapTest$TestMultiValuedMapEntries" time="0"/>
  <testcase name="testUnsupportedRemove" classname="org.apache.commons.collections4.multimap.AbstractMultiValuedMapTest$TestMultiValuedMapEntries" time="0"/>
  <testcase name="testCollectionIteratorFailFast" classname="org.apache.commons.collections4.multimap.AbstractMultiValuedMapTest$TestMultiValuedMapEntries" time="0"/>
  <testcase name="testEqualsNull" classname="org.apache.commons.collections4.multimap.AbstractMultiValuedMapTest$TestMultiValuedMapEntries" time="0"/>
  <testcase name="testObjectEqualsSelf" classname="org.apache.commons.collections4.multimap.AbstractMultiValuedMapTest$TestMultiValuedMapEntries" time="0"/>
  <testcase name="testObjectHashCodeEqualsSelfHashCode" classname="org.apache.commons.collections4.multimap.AbstractMultiValuedMapTest$TestMultiValuedMapEntries" time="0"/>
  <testcase name="testObjectHashCodeEqualsContract" classname="org.apache.commons.collections4.multimap.AbstractMultiValuedMapTest$TestMultiValuedMapEntries" time="0"/>
  <testcase name="testSimpleSerialization" classname="org.apache.commons.collections4.multimap.AbstractMultiValuedMapTest$TestMultiValuedMapEntries" time="0"/>
  <testcase name="testCanonicalEmptyCollectionExists" classname="org.apache.commons.collections4.multimap.AbstractMultiValuedMapTest$TestMultiValuedMapEntries" time="0"/>
  <testcase name="testCanonicalFullCollectionExists" classname="org.apache.commons.collections4.multimap.AbstractMultiValuedMapTest$TestMultiValuedMapEntries" time="0"/>
  <testcase name="testSetHashCode" classname="org.apache.commons.collections4.multimap.AbstractMultiValuedMapTest$TestMultiValuedMapKeySet" time="0"/>
  <testcase name="testSetEquals" classname="org.apache.commons.collections4.multimap.AbstractMultiValuedMapTest$TestMultiValuedMapKeySet" time="0"/>
  <testcase name="testSerializeDeserializeThenCompare" classname="org.apache.commons.collections4.multimap.AbstractMultiValuedMapTest$TestMultiValuedMapKeySet" time="0"/>
  <testcase name="testCollectionAdd" classname="org.apache.commons.collections4.multimap.AbstractMultiValuedMapTest$TestMultiValuedMapKeySet" time="0"/>
  <testcase name="testCollectionAddAll" classname="org.apache.commons.collections4.multimap.AbstractMultiValuedMapTest$TestMultiValuedMapKeySet" time="0"/>
  <testcase name="testUnsupportedAdd" classname="org.apache.commons.collections4.multimap.AbstractMultiValuedMapTest$TestMultiValuedMapKeySet" time="0"/>
  <testcase name="testCollectionClear" classname="org.apache.commons.collections4.multimap.AbstractMultiValuedMapTest$TestMultiValuedMapKeySet" time="0"/>
  <testcase name="testCollectionContains" classname="org.apache.commons.collections4.multimap.AbstractMultiValuedMapTest$TestMultiValuedMapKeySet" time="0"/>
  <testcase name="testCollectionContainsAll" classname="org.apache.commons.collections4.multimap.AbstractMultiValuedMapTest$TestMultiValuedMapKeySet" time="0"/>
  <testcase name="testCollectionIsEmpty" classname="org.apache.commons.collections4.multimap.AbstractMultiValuedMapTest$TestMultiValuedMapKeySet" time="0"/>
  <testcase name="testCollectionIterator" classname="org.apache.commons.collections4.multimap.AbstractMultiValuedMapTest$TestMultiValuedMapKeySet" time="0.001"/>
  <testcase name="testCollectionIteratorRemove" classname="org.apache.commons.collections4.multimap.AbstractMultiValuedMapTest$TestMultiValuedMapKeySet" time="0"/>
  <testcase name="testCollectionRemove" classname="org.apache.commons.collections4.multimap.AbstractMultiValuedMapTest$TestMultiValuedMapKeySet" time="0"/>
  <testcase name="testCollectionRemoveAll" classname="org.apache.commons.collections4.multimap.AbstractMultiValuedMapTest$TestMultiValuedMapKeySet" time="0"/>
  <testcase name="testCollectionRemoveIf" classname="org.apache.commons.collections4.multimap.AbstractMultiValuedMapTest$TestMultiValuedMapKeySet" time="0"/>
  <testcase name="testCollectionRetainAll" classname="org.apache.commons.collections4.multimap.AbstractMultiValuedMapTest$TestMultiValuedMapKeySet" time="0.001"/>
  <testcase name="testCollectionSize" classname="org.apache.commons.collections4.multimap.AbstractMultiValuedMapTest$TestMultiValuedMapKeySet" time="0"/>
  <testcase name="testCollectionToArray" classname="org.apache.commons.collections4.multimap.AbstractMultiValuedMapTest$TestMultiValuedMapKeySet" time="0"/>
  <testcase name="testCollectionToArray2" classname="org.apache.commons.collections4.multimap.AbstractMultiValuedMapTest$TestMultiValuedMapKeySet" time="0"/>
  <testcase name="testCollectionToString" classname="org.apache.commons.collections4.multimap.AbstractMultiValuedMapTest$TestMultiValuedMapKeySet" time="0"/>
  <testcase name="testUnsupportedRemove" classname="org.apache.commons.collections4.multimap.AbstractMultiValuedMapTest$TestMultiValuedMapKeySet" time="0"/>
  <testcase name="testCollectionIteratorFailFast" classname="org.apache.commons.collections4.multimap.AbstractMultiValuedMapTest$TestMultiValuedMapKeySet" time="0"/>
  <testcase name="testEqualsNull" classname="org.apache.commons.collections4.multimap.AbstractMultiValuedMapTest$TestMultiValuedMapKeySet" time="0"/>
  <testcase name="testObjectEqualsSelf" classname="org.apache.commons.collections4.multimap.AbstractMultiValuedMapTest$TestMultiValuedMapKeySet" time="0"/>
  <testcase name="testObjectHashCodeEqualsSelfHashCode" classname="org.apache.commons.collections4.multimap.AbstractMultiValuedMapTest$TestMultiValuedMapKeySet" time="0"/>
  <testcase name="testObjectHashCodeEqualsContract" classname="org.apache.commons.collections4.multimap.AbstractMultiValuedMapTest$TestMultiValuedMapKeySet" time="0"/>
  <testcase name="testSimpleSerialization" classname="org.apache.commons.collections4.multimap.AbstractMultiValuedMapTest$TestMultiValuedMapKeySet" time="0"/>
  <testcase name="testCanonicalEmptyCollectionExists" classname="org.apache.commons.collections4.multimap.AbstractMultiValuedMapTest$TestMultiValuedMapKeySet" time="0"/>
  <testcase name="testCanonicalFullCollectionExists" classname="org.apache.commons.collections4.multimap.AbstractMultiValuedMapTest$TestMultiValuedMapKeySet" time="0"/>
  <testcase name="testSerializeDeserializeThenCompare" classname="org.apache.commons.collections4.multimap.AbstractMultiValuedMapTest$TestMultiValuedMapValues" time="0"/>
  <testcase name="testCollectionAdd" classname="org.apache.commons.collections4.multimap.AbstractMultiValuedMapTest$TestMultiValuedMapValues" time="0"/>
  <testcase name="testCollectionAddAll" classname="org.apache.commons.collections4.multimap.AbstractMultiValuedMapTest$TestMultiValuedMapValues" time="0"/>
  <testcase name="testUnsupportedAdd" classname="org.apache.commons.collections4.multimap.AbstractMultiValuedMapTest$TestMultiValuedMapValues" time="0"/>
  <testcase name="testCollectionClear" classname="org.apache.commons.collections4.multimap.AbstractMultiValuedMapTest$TestMultiValuedMapValues" time="0"/>
  <testcase name="testCollectionContains" classname="org.apache.commons.collections4.multimap.AbstractMultiValuedMapTest$TestMultiValuedMapValues" time="0"/>
  <testcase name="testCollectionContainsAll" classname="org.apache.commons.collections4.multimap.AbstractMultiValuedMapTest$TestMultiValuedMapValues" time="0"/>
  <testcase name="testCollectionIsEmpty" classname="org.apache.commons.collections4.multimap.AbstractMultiValuedMapTest$TestMultiValuedMapValues" time="0"/>
  <testcase name="testCollectionIterator" classname="org.apache.commons.collections4.multimap.AbstractMultiValuedMapTest$TestMultiValuedMapValues" time="0"/>
  <testcase name="testCollectionIteratorRemove" classname="org.apache.commons.collections4.multimap.AbstractMultiValuedMapTest$TestMultiValuedMapValues" time="0"/>
  <testcase name="testCollectionRemove" classname="org.apache.commons.collections4.multimap.AbstractMultiValuedMapTest$TestMultiValuedMapValues" time="0"/>
  <testcase name="testCollectionRemoveAll" classname="org.apache.commons.collections4.multimap.AbstractMultiValuedMapTest$TestMultiValuedMapValues" time="0"/>
  <testcase name="testCollectionRemoveIf" classname="org.apache.commons.collections4.multimap.AbstractMultiValuedMapTest$TestMultiValuedMapValues" time="0"/>
  <testcase name="testCollectionRetainAll" classname="org.apache.commons.collections4.multimap.AbstractMultiValuedMapTest$TestMultiValuedMapValues" time="0"/>
  <testcase name="testCollectionSize" classname="org.apache.commons.collections4.multimap.AbstractMultiValuedMapTest$TestMultiValuedMapValues" time="0"/>
  <testcase name="testCollectionToArray" classname="org.apache.commons.collections4.multimap.AbstractMultiValuedMapTest$TestMultiValuedMapValues" time="0"/>
  <testcase name="testCollectionToArray2" classname="org.apache.commons.collections4.multimap.AbstractMultiValuedMapTest$TestMultiValuedMapValues" time="0"/>
  <testcase name="testCollectionToString" classname="org.apache.commons.collections4.multimap.AbstractMultiValuedMapTest$TestMultiValuedMapValues" time="0"/>
  <testcase name="testUnsupportedRemove" classname="org.apache.commons.collections4.multimap.AbstractMultiValuedMapTest$TestMultiValuedMapValues" time="0"/>
  <testcase name="testCollectionIteratorFailFast" classname="org.apache.commons.collections4.multimap.AbstractMultiValuedMapTest$TestMultiValuedMapValues" time="0.001"/>
  <testcase name="testEqualsNull" classname="org.apache.commons.collections4.multimap.AbstractMultiValuedMapTest$TestMultiValuedMapValues" time="0"/>
  <testcase name="testObjectEqualsSelf" classname="org.apache.commons.collections4.multimap.AbstractMultiValuedMapTest$TestMultiValuedMapValues" time="0"/>
  <testcase name="testObjectHashCodeEqualsSelfHashCode" classname="org.apache.commons.collections4.multimap.AbstractMultiValuedMapTest$TestMultiValuedMapValues" time="0"/>
  <testcase name="testObjectHashCodeEqualsContract" classname="org.apache.commons.collections4.multimap.AbstractMultiValuedMapTest$TestMultiValuedMapValues" time="0"/>
  <testcase name="testSimpleSerialization" classname="org.apache.commons.collections4.multimap.AbstractMultiValuedMapTest$TestMultiValuedMapValues" time="0"/>
  <testcase name="testCanonicalEmptyCollectionExists" classname="org.apache.commons.collections4.multimap.AbstractMultiValuedMapTest$TestMultiValuedMapValues" time="0"/>
  <testcase name="testCanonicalFullCollectionExists" classname="org.apache.commons.collections4.multimap.AbstractMultiValuedMapTest$TestMultiValuedMapValues" time="0"/>
  <testcase name="testMultiSetAdd" classname="org.apache.commons.collections4.multimap.AbstractMultiValuedMapTest$TestMultiValuedMapKeys" time="0"/>
  <testcase name="testMultiSetEqualsSelf" classname="org.apache.commons.collections4.multimap.AbstractMultiValuedMapTest$TestMultiValuedMapKeys" time="0"/>
  <testcase name="testMultiSetRemove" classname="org.apache.commons.collections4.multimap.AbstractMultiValuedMapTest$TestMultiValuedMapKeys" time="0"/>
  <testcase name="testMultiSetRemoveAll" classname="org.apache.commons.collections4.multimap.AbstractMultiValuedMapTest$TestMultiValuedMapKeys" time="0"/>
  <testcase name="testMultiSetContains" classname="org.apache.commons.collections4.multimap.AbstractMultiValuedMapTest$TestMultiValuedMapKeys" time="0"/>
  <testcase name="testMultiSetContainsAll" classname="org.apache.commons.collections4.multimap.AbstractMultiValuedMapTest$TestMultiValuedMapKeys" time="0"/>
  <testcase name="testMultiSetSize" classname="org.apache.commons.collections4.multimap.AbstractMultiValuedMapTest$TestMultiValuedMapKeys" time="0"/>
  <testcase name="testMultiSetRetainAll" classname="org.apache.commons.collections4.multimap.AbstractMultiValuedMapTest$TestMultiValuedMapKeys" time="0"/>
  <testcase name="testMultiSetIterator" classname="org.apache.commons.collections4.multimap.AbstractMultiValuedMapTest$TestMultiValuedMapKeys" time="0"/>
  <testcase name="testMultiSetIteratorFail" classname="org.apache.commons.collections4.multimap.AbstractMultiValuedMapTest$TestMultiValuedMapKeys" time="0"/>
  <testcase name="testMultiSetIteratorFailNoMore" classname="org.apache.commons.collections4.multimap.AbstractMultiValuedMapTest$TestMultiValuedMapKeys" time="0"/>
  <testcase name="testMultiSetIteratorFailDoubleRemove" classname="org.apache.commons.collections4.multimap.AbstractMultiValuedMapTest$TestMultiValuedMapKeys" time="0"/>
  <testcase name="testMultiSetIteratorRemoveProtectsInvariants" classname="org.apache.commons.collections4.multimap.AbstractMultiValuedMapTest$TestMultiValuedMapKeys" time="0"/>
  <testcase name="testMultiSetEntrySetUpdatedToZero" classname="org.apache.commons.collections4.multimap.AbstractMultiValuedMapTest$TestMultiValuedMapKeys" time="0"/>
  <testcase name="testMultiSetToArray" classname="org.apache.commons.collections4.multimap.AbstractMultiValuedMapTest$TestMultiValuedMapKeys" time="0"/>
  <testcase name="testMultiSetToArrayPopulate" classname="org.apache.commons.collections4.multimap.AbstractMultiValuedMapTest$TestMultiValuedMapKeys" time="0"/>
  <testcase name="testMultiSetEquals" classname="org.apache.commons.collections4.multimap.AbstractMultiValuedMapTest$TestMultiValuedMapKeys" time="0"/>
  <testcase name="testMultiSetEqualsHashMultiSet" classname="org.apache.commons.collections4.multimap.AbstractMultiValuedMapTest$TestMultiValuedMapKeys" time="0"/>
  <testcase name="testMultiSetHashCode" classname="org.apache.commons.collections4.multimap.AbstractMultiValuedMapTest$TestMultiValuedMapKeys" time="0"/>
  <testcase name="testSetHashCode" classname="org.apache.commons.collections4.multiset.AbstractMultiSetTest$TestMultiSetUniqueSet" time="0"/>
  <testcase name="testSetEquals" classname="org.apache.commons.collections4.multiset.AbstractMultiSetTest$TestMultiSetUniqueSet" time="0"/>
  <testcase name="testSerializeDeserializeThenCompare" classname="org.apache.commons.collections4.multiset.AbstractMultiSetTest$TestMultiSetUniqueSet" time="0"/>
  <testcase name="testCollectionAdd" classname="org.apache.commons.collections4.multiset.AbstractMultiSetTest$TestMultiSetUniqueSet" time="0"/>
  <testcase name="testCollectionAddAll" classname="org.apache.commons.collections4.multiset.AbstractMultiSetTest$TestMultiSetUniqueSet" time="0.001"/>
  <testcase name="testUnsupportedAdd" classname="org.apache.commons.collections4.multiset.AbstractMultiSetTest$TestMultiSetUniqueSet" time="0"/>
  <testcase name="testCollectionClear" classname="org.apache.commons.collections4.multiset.AbstractMultiSetTest$TestMultiSetUniqueSet" time="0"/>
  <testcase name="testCollectionContains" classname="org.apache.commons.collections4.multiset.AbstractMultiSetTest$TestMultiSetUniqueSet" time="0"/>
  <testcase name="testCollectionContainsAll" classname="org.apache.commons.collections4.multiset.AbstractMultiSetTest$TestMultiSetUniqueSet" time="0"/>
  <testcase name="testCollectionIsEmpty" classname="org.apache.commons.collections4.multiset.AbstractMultiSetTest$TestMultiSetUniqueSet" time="0"/>
  <testcase name="testCollectionIterator" classname="org.apache.commons.collections4.multiset.AbstractMultiSetTest$TestMultiSetUniqueSet" time="0"/>
  <testcase name="testCollectionIteratorRemove" classname="org.apache.commons.collections4.multiset.AbstractMultiSetTest$TestMultiSetUniqueSet" time="0"/>
  <testcase name="testCollectionRemove" classname="org.apache.commons.collections4.multiset.AbstractMultiSetTest$TestMultiSetUniqueSet" time="0"/>
  <testcase name="testCollectionRemoveAll" classname="org.apache.commons.collections4.multiset.AbstractMultiSetTest$TestMultiSetUniqueSet" time="0"/>
  <testcase name="testCollectionRemoveIf" classname="org.apache.commons.collections4.multiset.AbstractMultiSetTest$TestMultiSetUniqueSet" time="0"/>
  <testcase name="testCollectionRetainAll" classname="org.apache.commons.collections4.multiset.AbstractMultiSetTest$TestMultiSetUniqueSet" time="0"/>
  <testcase name="testCollectionSize" classname="org.apache.commons.collections4.multiset.AbstractMultiSetTest$TestMultiSetUniqueSet" time="0"/>
  <testcase name="testCollectionToArray" classname="org.apache.commons.collections4.multiset.AbstractMultiSetTest$TestMultiSetUniqueSet" time="0"/>
  <testcase name="testCollectionToArray2" classname="org.apache.commons.collections4.multiset.AbstractMultiSetTest$TestMultiSetUniqueSet" time="0"/>
  <testcase name="testCollectionToString" classname="org.apache.commons.collections4.multiset.AbstractMultiSetTest$TestMultiSetUniqueSet" time="0"/>
  <testcase name="testUnsupportedRemove" classname="org.apache.commons.collections4.multiset.AbstractMultiSetTest$TestMultiSetUniqueSet" time="0.001"/>
  <testcase name="testCollectionIteratorFailFast" classname="org.apache.commons.collections4.multiset.AbstractMultiSetTest$TestMultiSetUniqueSet" time="0"/>
  <testcase name="testEqualsNull" classname="org.apache.commons.collections4.multiset.AbstractMultiSetTest$TestMultiSetUniqueSet" time="0"/>
  <testcase name="testObjectEqualsSelf" classname="org.apache.commons.collections4.multiset.AbstractMultiSetTest$TestMultiSetUniqueSet" time="0"/>
  <testcase name="testObjectHashCodeEqualsSelfHashCode" classname="org.apache.commons.collections4.multiset.AbstractMultiSetTest$TestMultiSetUniqueSet" time="0"/>
  <testcase name="testObjectHashCodeEqualsContract" classname="org.apache.commons.collections4.multiset.AbstractMultiSetTest$TestMultiSetUniqueSet" time="0"/>
  <testcase name="testSimpleSerialization" classname="org.apache.commons.collections4.multiset.AbstractMultiSetTest$TestMultiSetUniqueSet" time="0"/>
  <testcase name="testCanonicalEmptyCollectionExists" classname="org.apache.commons.collections4.multiset.AbstractMultiSetTest$TestMultiSetUniqueSet" time="0"/>
  <testcase name="testCanonicalFullCollectionExists" classname="org.apache.commons.collections4.multiset.AbstractMultiSetTest$TestMultiSetUniqueSet" time="0"/>
  <testcase name="testEmptyMultiSetCompatibility" classname="org.apache.commons.collections4.multimap.AbstractMultiValuedMapTest$TestMultiValuedMapKeys" time="0"/>
  <testcase name="testFullMultiSetCompatibility" classname="org.apache.commons.collections4.multimap.AbstractMultiValuedMapTest$TestMultiValuedMapKeys" time="0.001"/>
  <testcase name="testSerializeDeserializeThenCompare" classname="org.apache.commons.collections4.multimap.AbstractMultiValuedMapTest$TestMultiValuedMapKeys" time="0"/>
  <testcase name="testCollectionAdd" classname="org.apache.commons.collections4.multimap.AbstractMultiValuedMapTest$TestMultiValuedMapKeys" time="0"/>
  <testcase name="testCollectionAddAll" classname="org.apache.commons.collections4.multimap.AbstractMultiValuedMapTest$TestMultiValuedMapKeys" time="0"/>
  <testcase name="testUnsupportedAdd" classname="org.apache.commons.collections4.multimap.AbstractMultiValuedMapTest$TestMultiValuedMapKeys" time="0"/>
  <testcase name="testCollectionClear" classname="org.apache.commons.collections4.multimap.AbstractMultiValuedMapTest$TestMultiValuedMapKeys" time="0"/>
  <testcase name="testCollectionContains" classname="org.apache.commons.collections4.multimap.AbstractMultiValuedMapTest$TestMultiValuedMapKeys" time="0"/>
  <testcase name="testCollectionContainsAll" classname="org.apache.commons.collections4.multimap.AbstractMultiValuedMapTest$TestMultiValuedMapKeys" time="0.001"/>
  <testcase name="testCollectionIsEmpty" classname="org.apache.commons.collections4.multimap.AbstractMultiValuedMapTest$TestMultiValuedMapKeys" time="0"/>
  <testcase name="testCollectionIterator" classname="org.apache.commons.collections4.multimap.AbstractMultiValuedMapTest$TestMultiValuedMapKeys" time="0"/>
  <testcase name="testCollectionIteratorRemove" classname="org.apache.commons.collections4.multimap.AbstractMultiValuedMapTest$TestMultiValuedMapKeys" time="0"/>
  <testcase name="testCollectionRemove" classname="org.apache.commons.collections4.multimap.AbstractMultiValuedMapTest$TestMultiValuedMapKeys" time="0"/>
  <testcase name="testCollectionRemoveAll" classname="org.apache.commons.collections4.multimap.AbstractMultiValuedMapTest$TestMultiValuedMapKeys" time="0"/>
  <testcase name="testCollectionRemoveIf" classname="org.apache.commons.collections4.multimap.AbstractMultiValuedMapTest$TestMultiValuedMapKeys" time="0"/>
  <testcase name="testCollectionRetainAll" classname="org.apache.commons.collections4.multimap.AbstractMultiValuedMapTest$TestMultiValuedMapKeys" time="0"/>
  <testcase name="testCollectionSize" classname="org.apache.commons.collections4.multimap.AbstractMultiValuedMapTest$TestMultiValuedMapKeys" time="0"/>
  <testcase name="testCollectionToArray" classname="org.apache.commons.collections4.multimap.AbstractMultiValuedMapTest$TestMultiValuedMapKeys" time="0"/>
  <testcase name="testCollectionToArray2" classname="org.apache.commons.collections4.multimap.AbstractMultiValuedMapTest$TestMultiValuedMapKeys" time="0.001"/>
  <testcase name="testCollectionToString" classname="org.apache.commons.collections4.multimap.AbstractMultiValuedMapTest$TestMultiValuedMapKeys" time="0"/>
  <testcase name="testUnsupportedRemove" classname="org.apache.commons.collections4.multimap.AbstractMultiValuedMapTest$TestMultiValuedMapKeys" time="0"/>
  <testcase name="testCollectionIteratorFailFast" classname="org.apache.commons.collections4.multimap.AbstractMultiValuedMapTest$TestMultiValuedMapKeys" time="0"/>
  <testcase name="testEqualsNull" classname="org.apache.commons.collections4.multimap.AbstractMultiValuedMapTest$TestMultiValuedMapKeys" time="0"/>
  <testcase name="testObjectEqualsSelf" classname="org.apache.commons.collections4.multimap.AbstractMultiValuedMapTest$TestMultiValuedMapKeys" time="0"/>
  <testcase name="testObjectHashCodeEqualsSelfHashCode" classname="org.apache.commons.collections4.multimap.AbstractMultiValuedMapTest$TestMultiValuedMapKeys" time="0"/>
  <testcase name="testObjectHashCodeEqualsContract" classname="org.apache.commons.collections4.multimap.AbstractMultiValuedMapTest$TestMultiValuedMapKeys" time="0"/>
  <testcase name="testSimpleSerialization" classname="org.apache.commons.collections4.multimap.AbstractMultiValuedMapTest$TestMultiValuedMapKeys" time="0"/>
  <testcase name="testCanonicalEmptyCollectionExists" classname="org.apache.commons.collections4.multimap.AbstractMultiValuedMapTest$TestMultiValuedMapKeys" time="0"/>
  <testcase name="testCanonicalFullCollectionExists" classname="org.apache.commons.collections4.multimap.AbstractMultiValuedMapTest$TestMultiValuedMapKeys" time="0"/>
  <testcase name="testMapEquals" classname="org.apache.commons.collections4.multimap.AbstractMultiValuedMapTest$TestMultiValuedMapAsMap" time="0"/>
  <testcase name="testEmptyMapCompatibility" classname="org.apache.commons.collections4.multimap.AbstractMultiValuedMapTest$TestMultiValuedMapAsMap" time="0"/>
  <testcase name="testFullMapCompatibility" classname="org.apache.commons.collections4.multimap.AbstractMultiValuedMapTest$TestMultiValuedMapAsMap" time="0"/>
  <testcase name="testMapGet" classname="org.apache.commons.collections4.multimap.AbstractMultiValuedMapTest$TestMultiValuedMapAsMap" time="0.001"/>
  <testcase name="testSampleMappings" classname="org.apache.commons.collections4.multimap.AbstractMultiValuedMapTest$TestMultiValuedMapAsMap" time="0"/>
  <testcase name="testMakeMap" classname="org.apache.commons.collections4.multimap.AbstractMultiValuedMapTest$TestMultiValuedMapAsMap" time="0"/>
  <testcase name="testMapIsEmpty" classname="org.apache.commons.collections4.multimap.AbstractMultiValuedMapTest$TestMultiValuedMapAsMap" time="0"/>
  <testcase name="testMapSize" classname="org.apache.commons.collections4.multimap.AbstractMultiValuedMapTest$TestMultiValuedMapAsMap" time="0"/>
  <testcase name="testMapClear" classname="org.apache.commons.collections4.multimap.AbstractMultiValuedMapTest$TestMultiValuedMapAsMap" time="0"/>
  <testcase name="testMapContainsKey" classname="org.apache.commons.collections4.multimap.AbstractMultiValuedMapTest$TestMultiValuedMapAsMap" time="0.001"/>
  <testcase name="testMapContainsValue" classname="org.apache.commons.collections4.multimap.AbstractMultiValuedMapTest$TestMultiValuedMapAsMap" time="0"/>
  <testcase name="testMapHashCode" classname="org.apache.commons.collections4.multimap.AbstractMultiValuedMapTest$TestMultiValuedMapAsMap" time="0"/>
  <testcase name="testMapToString" classname="org.apache.commons.collections4.multimap.AbstractMultiValuedMapTest$TestMultiValuedMapAsMap" time="0"/>
  <testcase name="testMapPut" classname="org.apache.commons.collections4.multimap.AbstractMultiValuedMapTest$TestMultiValuedMapAsMap" time="0"/>
  <testcase name="testMapPutNullKey" classname="org.apache.commons.collections4.multimap.AbstractMultiValuedMapTest$TestMultiValuedMapAsMap" time="0.001"/>
  <testcase name="testMapPutNullValue" classname="org.apache.commons.collections4.multimap.AbstractMultiValuedMapTest$TestMultiValuedMapAsMap" time="0"/>
  <testcase name="testMapPutAll" classname="org.apache.commons.collections4.multimap.AbstractMultiValuedMapTest$TestMultiValuedMapAsMap" time="0"/>
  <testcase name="testMapRemove" classname="org.apache.commons.collections4.multimap.AbstractMultiValuedMapTest$TestMultiValuedMapAsMap" time="0"/>
  <testcase name="testValuesClearChangesMap" classname="org.apache.commons.collections4.multimap.AbstractMultiValuedMapTest$TestMultiValuedMapAsMap" time="0"/>
  <testcase name="testKeySetClearChangesMap" classname="org.apache.commons.collections4.multimap.AbstractMultiValuedMapTest$TestMultiValuedMapAsMap" time="0"/>
  <testcase name="testEntrySetClearChangesMap" classname="org.apache.commons.collections4.multimap.AbstractMultiValuedMapTest$TestMultiValuedMapAsMap" time="0.001"/>
  <testcase name="testEntrySetContains1" classname="org.apache.commons.collections4.multimap.AbstractMultiValuedMapTest$TestMultiValuedMapAsMap" time="0"/>
  <testcase name="testEntrySetContains2" classname="org.apache.commons.collections4.multimap.AbstractMultiValuedMapTest$TestMultiValuedMapAsMap" time="0"/>
  <testcase name="testEntrySetContains3" classname="org.apache.commons.collections4.multimap.AbstractMultiValuedMapTest$TestMultiValuedMapAsMap" time="0"/>
  <testcase name="testEntrySetRemove1" classname="org.apache.commons.collections4.multimap.AbstractMultiValuedMapTest$TestMultiValuedMapAsMap" time="0"/>
  <testcase name="testEntrySetRemove2" classname="org.apache.commons.collections4.multimap.AbstractMultiValuedMapTest$TestMultiValuedMapAsMap" time="0"/>
  <testcase name="testEntrySetRemove3" classname="org.apache.commons.collections4.multimap.AbstractMultiValuedMapTest$TestMultiValuedMapAsMap" time="0"/>
  <testcase name="testValuesRemoveChangesMap" classname="org.apache.commons.collections4.multimap.AbstractMultiValuedMapTest$TestMultiValuedMapAsMap" time="0"/>
  <testcase name="testValuesRemoveAll" classname="org.apache.commons.collections4.multimap.AbstractMultiValuedMapTest$TestMultiValuedMapAsMap" time="0"/>
  <testcase name="testValuesRetainAll" classname="org.apache.commons.collections4.multimap.AbstractMultiValuedMapTest$TestMultiValuedMapAsMap" time="0.001"/>
  <testcase name="testValuesIteratorRemoveChangesMap" classname="org.apache.commons.collections4.multimap.AbstractMultiValuedMapTest$TestMultiValuedMapAsMap" time="0"/>
  <testcase name="testKeySetRemoveChangesMap" classname="org.apache.commons.collections4.multimap.AbstractMultiValuedMapTest$TestMultiValuedMapAsMap" time="0"/>
  <testcase name="testKeySetRemoveAll" classname="org.apache.commons.collections4.multimap.AbstractMultiValuedMapTest$TestMultiValuedMapAsMap" time="0"/>
  <testcase name="testKeySetRetainAll" classname="org.apache.commons.collections4.multimap.AbstractMultiValuedMapTest$TestMultiValuedMapAsMap" time="0"/>
  <testcase name="testKeySetIteratorRemoveChangesMap" classname="org.apache.commons.collections4.multimap.AbstractMultiValuedMapTest$TestMultiValuedMapAsMap" time="0"/>
  <testcase name="testEntrySetRemoveChangesMap" classname="org.apache.commons.collections4.multimap.AbstractMultiValuedMapTest$TestMultiValuedMapAsMap" time="0"/>
  <testcase name="testEntrySetRemoveAll" classname="org.apache.commons.collections4.multimap.AbstractMultiValuedMapTest$TestMultiValuedMapAsMap" time="0"/>
  <testcase name="testEntrySetRetainAll" classname="org.apache.commons.collections4.multimap.AbstractMultiValuedMapTest$TestMultiValuedMapAsMap" time="0"/>
  <testcase name="testEntrySetIteratorRemoveChangesMap" classname="org.apache.commons.collections4.multimap.AbstractMultiValuedMapTest$TestMultiValuedMapAsMap" time="0"/>
  <testcase name="testMapEntrySetIteratorEntrySetValue" classname="org.apache.commons.collections4.map.AbstractMapTest$TestMapEntrySet" time="0"/>
  <testcase name="testMapEntrySetIteratorEntry" classname="org.apache.commons.collections4.map.AbstractMapTest$TestMapEntrySet" time="0"/>
  <testcase name="testMapEntrySetRemoveNonMapEntry" classname="org.apache.commons.collections4.map.AbstractMapTest$TestMapEntrySet" time="0"/>
  <testcase name="testSetHashCode" classname="org.apache.commons.collections4.map.AbstractMapTest$TestMapEntrySet" time="0"/>
  <testcase name="testSetEquals" classname="org.apache.commons.collections4.map.AbstractMapTest$TestMapEntrySet" time="0.001"/>
  <testcase name="testSerializeDeserializeThenCompare" classname="org.apache.commons.collections4.map.AbstractMapTest$TestMapEntrySet" time="0"/>
  <testcase name="testCollectionAdd" classname="org.apache.commons.collections4.map.AbstractMapTest$TestMapEntrySet" time="0"/>
  <testcase name="testCollectionAddAll" classname="org.apache.commons.collections4.map.AbstractMapTest$TestMapEntrySet" time="0"/>
  <testcase name="testUnsupportedAdd" classname="org.apache.commons.collections4.map.AbstractMapTest$TestMapEntrySet" time="0"/>
  <testcase name="testCollectionClear" classname="org.apache.commons.collections4.map.AbstractMapTest$TestMapEntrySet" time="0"/>
  <testcase name="testCollectionContains" classname="org.apache.commons.collections4.map.AbstractMapTest$TestMapEntrySet" time="0.001"/>
  <testcase name="testCollectionContainsAll" classname="org.apache.commons.collections4.map.AbstractMapTest$TestMapEntrySet" time="0"/>
  <testcase name="testCollectionIsEmpty" classname="org.apache.commons.collections4.map.AbstractMapTest$TestMapEntrySet" time="0.001"/>
  <testcase name="testCollectionIterator" classname="org.apache.commons.collections4.map.AbstractMapTest$TestMapEntrySet" time="0"/>
  <testcase name="testCollectionIteratorRemove" classname="org.apache.commons.collections4.map.AbstractMapTest$TestMapEntrySet" time="0"/>
  <testcase name="testCollectionRemove" classname="org.apache.commons.collections4.map.AbstractMapTest$TestMapEntrySet" time="0.002"/>
  <testcase name="testCollectionRemoveAll" classname="org.apache.commons.collections4.map.AbstractMapTest$TestMapEntrySet" time="0.001"/>
  <testcase name="testCollectionRemoveIf" classname="org.apache.commons.collections4.map.AbstractMapTest$TestMapEntrySet" time="0"/>
  <testcase name="testCollectionRetainAll" classname="org.apache.commons.collections4.map.AbstractMapTest$TestMapEntrySet" time="0.001"/>
  <testcase name="testCollectionSize" classname="org.apache.commons.collections4.map.AbstractMapTest$TestMapEntrySet" time="0"/>
  <testcase name="testCollectionToArray" classname="org.apache.commons.collections4.map.AbstractMapTest$TestMapEntrySet" time="0"/>
  <testcase name="testCollectionToArray2" classname="org.apache.commons.collections4.map.AbstractMapTest$TestMapEntrySet" time="0.001"/>
  <testcase name="testCollectionToString" classname="org.apache.commons.collections4.map.AbstractMapTest$TestMapEntrySet" time="0"/>
  <testcase name="testUnsupportedRemove" classname="org.apache.commons.collections4.map.AbstractMapTest$TestMapEntrySet" time="0"/>
  <testcase name="testCollectionIteratorFailFast" classname="org.apache.commons.collections4.map.AbstractMapTest$TestMapEntrySet" time="0"/>
  <testcase name="testEqualsNull" classname="org.apache.commons.collections4.map.AbstractMapTest$TestMapEntrySet" time="0"/>
  <testcase name="testObjectEqualsSelf" classname="org.apache.commons.collections4.map.AbstractMapTest$TestMapEntrySet" time="0"/>
  <testcase name="testObjectHashCodeEqualsSelfHashCode" classname="org.apache.commons.collections4.map.AbstractMapTest$TestMapEntrySet" time="0"/>
  <testcase name="testObjectHashCodeEqualsContract" classname="org.apache.commons.collections4.map.AbstractMapTest$TestMapEntrySet" time="0"/>
  <testcase name="testSimpleSerialization" classname="org.apache.commons.collections4.map.AbstractMapTest$TestMapEntrySet" time="0"/>
  <testcase name="testCanonicalEmptyCollectionExists" classname="org.apache.commons.collections4.map.AbstractMapTest$TestMapEntrySet" time="0"/>
  <testcase name="testCanonicalFullCollectionExists" classname="org.apache.commons.collections4.map.AbstractMapTest$TestMapEntrySet" time="0"/>
  <testcase name="testSetHashCode" classname="org.apache.commons.collections4.map.AbstractMapTest$TestMapKeySet" time="0.001"/>
  <testcase name="testSetEquals" classname="org.apache.commons.collections4.map.AbstractMapTest$TestMapKeySet" time="0.001"/>
  <testcase name="testSerializeDeserializeThenCompare" classname="org.apache.commons.collections4.map.AbstractMapTest$TestMapKeySet" time="0"/>
  <testcase name="testCollectionAdd" classname="org.apache.commons.collections4.map.AbstractMapTest$TestMapKeySet" time="0"/>
  <testcase name="testCollectionAddAll" classname="org.apache.commons.collections4.map.AbstractMapTest$TestMapKeySet" time="0"/>
  <testcase name="testUnsupportedAdd" classname="org.apache.commons.collections4.map.AbstractMapTest$TestMapKeySet" time="0.001"/>
  <testcase name="testCollectionClear" classname="org.apache.commons.collections4.map.AbstractMapTest$TestMapKeySet" time="0"/>
  <testcase name="testCollectionContains" classname="org.apache.commons.collections4.map.AbstractMapTest$TestMapKeySet" time="0"/>
  <testcase name="testCollectionContainsAll" classname="org.apache.commons.collections4.map.AbstractMapTest$TestMapKeySet" time="0.001"/>
  <testcase name="testCollectionIsEmpty" classname="org.apache.commons.collections4.map.AbstractMapTest$TestMapKeySet" time="0"/>
  <testcase name="testCollectionIterator" classname="org.apache.commons.collections4.map.AbstractMapTest$TestMapKeySet" time="0"/>
  <testcase name="testCollectionIteratorRemove" classname="org.apache.commons.collections4.map.AbstractMapTest$TestMapKeySet" time="0.001"/>
  <testcase name="testCollectionRemove" classname="org.apache.commons.collections4.map.AbstractMapTest$TestMapKeySet" time="0.002"/>
  <testcase name="testCollectionRemoveAll" classname="org.apache.commons.collections4.map.AbstractMapTest$TestMapKeySet" time="0.011"/>
  <testcase name="testCollectionRemoveIf" classname="org.apache.commons.collections4.map.AbstractMapTest$TestMapKeySet" time="0"/>
  <testcase name="testCollectionRetainAll" classname="org.apache.commons.collections4.map.AbstractMapTest$TestMapKeySet" time="0"/>
  <testcase name="testCollectionSize" classname="org.apache.commons.collections4.map.AbstractMapTest$TestMapKeySet" time="0"/>
  <testcase name="testCollectionToArray" classname="org.apache.commons.collections4.map.AbstractMapTest$TestMapKeySet" time="0"/>
  <testcase name="testCollectionToArray2" classname="org.apache.commons.collections4.map.AbstractMapTest$TestMapKeySet" time="0.001"/>
  <testcase name="testCollectionToString" classname="org.apache.commons.collections4.map.AbstractMapTest$TestMapKeySet" time="0"/>
  <testcase name="testUnsupportedRemove" classname="org.apache.commons.collections4.map.AbstractMapTest$TestMapKeySet" time="0"/>
  <testcase name="testCollectionIteratorFailFast" classname="org.apache.commons.collections4.map.AbstractMapTest$TestMapKeySet" time="0"/>
  <testcase name="testEqualsNull" classname="org.apache.commons.collections4.map.AbstractMapTest$TestMapKeySet" time="0"/>
  <testcase name="testObjectEqualsSelf" classname="org.apache.commons.collections4.map.AbstractMapTest$TestMapKeySet" time="0"/>
  <testcase name="testObjectHashCodeEqualsSelfHashCode" classname="org.apache.commons.collections4.map.AbstractMapTest$TestMapKeySet" time="0"/>
  <testcase name="testObjectHashCodeEqualsContract" classname="org.apache.commons.collections4.map.AbstractMapTest$TestMapKeySet" time="0"/>
  <testcase name="testSimpleSerialization" classname="org.apache.commons.collections4.map.AbstractMapTest$TestMapKeySet" time="0"/>
  <testcase name="testCanonicalEmptyCollectionExists" classname="org.apache.commons.collections4.map.AbstractMapTest$TestMapKeySet" time="0"/>
  <testcase name="testCanonicalFullCollectionExists" classname="org.apache.commons.collections4.map.AbstractMapTest$TestMapKeySet" time="0"/>
  <testcase name="testSerializeDeserializeThenCompare" classname="org.apache.commons.collections4.map.AbstractMapTest$TestMapValues" time="0"/>
  <testcase name="testCollectionAdd" classname="org.apache.commons.collections4.map.AbstractMapTest$TestMapValues" time="0.001"/>
  <testcase name="testCollectionAddAll" classname="org.apache.commons.collections4.map.AbstractMapTest$TestMapValues" time="0"/>
  <testcase name="testUnsupportedAdd" classname="org.apache.commons.collections4.map.AbstractMapTest$TestMapValues" time="0"/>
  <testcase name="testCollectionClear" classname="org.apache.commons.collections4.map.AbstractMapTest$TestMapValues" time="0"/>
  <testcase name="testCollectionContains" classname="org.apache.commons.collections4.map.AbstractMapTest$TestMapValues" time="0.001"/>
  <testcase name="testCollectionContainsAll" classname="org.apache.commons.collections4.map.AbstractMapTest$TestMapValues" time="0"/>
  <testcase name="testCollectionIsEmpty" classname="org.apache.commons.collections4.map.AbstractMapTest$TestMapValues" time="0.001"/>
  <testcase name="testCollectionIterator" classname="org.apache.commons.collections4.map.AbstractMapTest$TestMapValues" time="0"/>
  <testcase name="testCollectionIteratorRemove" classname="org.apache.commons.collections4.map.AbstractMapTest$TestMapValues" time="0"/>
  <testcase name="testCollectionRemove" classname="org.apache.commons.collections4.map.AbstractMapTest$TestMapValues" time="0.001"/>
  <testcase name="testCollectionRemoveAll" classname="org.apache.commons.collections4.map.AbstractMapTest$TestMapValues" time="0.001"/>
  <testcase name="testCollectionRemoveIf" classname="org.apache.commons.collections4.map.AbstractMapTest$TestMapValues" time="0"/>
  <testcase name="testCollectionRetainAll" classname="org.apache.commons.collections4.map.AbstractMapTest$TestMapValues" time="0"/>
  <testcase name="testCollectionSize" classname="org.apache.commons.collections4.map.AbstractMapTest$TestMapValues" time="0"/>
  <testcase name="testCollectionToArray" classname="org.apache.commons.collections4.map.AbstractMapTest$TestMapValues" time="0.001"/>
  <testcase name="testCollectionToArray2" classname="org.apache.commons.collections4.map.AbstractMapTest$TestMapValues" time="0"/>
  <testcase name="testCollectionToString" classname="org.apache.commons.collections4.map.AbstractMapTest$TestMapValues" time="0"/>
  <testcase name="testUnsupportedRemove" classname="org.apache.commons.collections4.map.AbstractMapTest$TestMapValues" time="0"/>
  <testcase name="testCollectionIteratorFailFast" classname="org.apache.commons.collections4.map.AbstractMapTest$TestMapValues" time="0"/>
  <testcase name="testEqualsNull" classname="org.apache.commons.collections4.map.AbstractMapTest$TestMapValues" time="0"/>
  <testcase name="testObjectEqualsSelf" classname="org.apache.commons.collections4.map.AbstractMapTest$TestMapValues" time="0"/>
  <testcase name="testObjectHashCodeEqualsSelfHashCode" classname="org.apache.commons.collections4.map.AbstractMapTest$TestMapValues" time="0"/>
  <testcase name="testObjectHashCodeEqualsContract" classname="org.apache.commons.collections4.map.AbstractMapTest$TestMapValues" time="0"/>
  <testcase name="testSimpleSerialization" classname="org.apache.commons.collections4.map.AbstractMapTest$TestMapValues" time="0"/>
  <testcase name="testCanonicalEmptyCollectionExists" classname="org.apache.commons.collections4.map.AbstractMapTest$TestMapValues" time="0"/>
  <testcase name="testCanonicalFullCollectionExists" classname="org.apache.commons.collections4.map.AbstractMapTest$TestMapValues" time="0.001"/>
  <testcase name="testEqualsNull" classname="org.apache.commons.collections4.multimap.AbstractMultiValuedMapTest$TestMultiValuedMapAsMap" time="0"/>
  <testcase name="testObjectEqualsSelf" classname="org.apache.commons.collections4.multimap.AbstractMultiValuedMapTest$TestMultiValuedMapAsMap" time="0"/>
  <testcase name="testObjectHashCodeEqualsSelfHashCode" classname="org.apache.commons.collections4.multimap.AbstractMultiValuedMapTest$TestMultiValuedMapAsMap" time="0"/>
  <testcase name="testObjectHashCodeEqualsContract" classname="org.apache.commons.collections4.multimap.AbstractMultiValuedMapTest$TestMultiValuedMapAsMap" time="0"/>
  <testcase name="testSerializeDeserializeThenCompare" classname="org.apache.commons.collections4.multimap.AbstractMultiValuedMapTest$TestMultiValuedMapAsMap" time="0"/>
  <testcase name="testSimpleSerialization" classname="org.apache.commons.collections4.multimap.AbstractMultiValuedMapTest$TestMultiValuedMapAsMap" time="0"/>
  <testcase name="testCanonicalEmptyCollectionExists" classname="org.apache.commons.collections4.multimap.AbstractMultiValuedMapTest$TestMultiValuedMapAsMap" time="0"/>
  <testcase name="testCanonicalFullCollectionExists" classname="org.apache.commons.collections4.multimap.AbstractMultiValuedMapTest$TestMultiValuedMapAsMap" time="0"/>
  <testcase name="testEqualsNull" classname="org.apache.commons.collections4.multimap.HashSetValuedHashMapTest" time="0"/>
  <testcase name="testObjectEqualsSelf" classname="org.apache.commons.collections4.multimap.HashSetValuedHashMapTest" time="0"/>
  <testcase name="testObjectHashCodeEqualsSelfHashCode" classname="org.apache.commons.collections4.multimap.HashSetValuedHashMapTest" time="0"/>
  <testcase name="testObjectHashCodeEqualsContract" classname="org.apache.commons.collections4.multimap.HashSetValuedHashMapTest" time="0"/>
  <testcase name="testSerializeDeserializeThenCompare" classname="org.apache.commons.collections4.multimap.HashSetValuedHashMapTest" time="0.001"/>
  <testcase name="testSimpleSerialization" classname="org.apache.commons.collections4.multimap.HashSetValuedHashMapTest" time="0"/>
  <testcase name="testCanonicalEmptyCollectionExists" classname="org.apache.commons.collections4.multimap.HashSetValuedHashMapTest" time="0"/>
  <testcase name="testCanonicalFullCollectionExists" classname="org.apache.commons.collections4.multimap.HashSetValuedHashMapTest" time="0"/>
</testsuite>